{"numTotalTestSuites":12,"numPassedTestSuites":12,"numFailedTestSuites":0,"numPendingTestSuites":0,"numTotalTests":25,"numPassedTests":16,"numFailedTests":9,"numPendingTests":0,"numTodoTests":0,"startTime":1770306478702,"success":false,"testResults":[{"assertionResults":[{"ancestorTitles":["","ProductsPage Component - Black Box Tests","Product Display"],"fullName":" ProductsPage Component - Black Box Tests Product Display should render products list on load","status":"passed","title":"should render products list on load","duration":246,"failureMessages":[]},{"ancestorTitles":["","ProductsPage Component - Black Box Tests","Product Display"],"fullName":" ProductsPage Component - Black Box Tests Product Display should display product prices correctly","status":"passed","title":"should display product prices correctly","duration":56,"failureMessages":[]},{"ancestorTitles":["","ProductsPage Component - Black Box Tests","Product Display"],"fullName":" ProductsPage Component - Black Box Tests Product Display should show low stock warning","status":"passed","title":"should show low stock warning","duration":44,"failureMessages":[]},{"ancestorTitles":["","ProductsPage Component - Black Box Tests","Product Display"],"fullName":" ProductsPage Component - Black Box Tests Product Display should display SKU and barcode","status":"failed","title":"should display SKU and barcode","duration":1018,"failureMessages":["Unable to find an element with the text: TEST-001. This could be because the text is broken up by multiple elements. In this case, you can provide a function for your text matcher to make your matcher more flexible.\n\nIgnored nodes: comments, script, style\n\u001b[36m<body>\u001b[39m\n  \u001b[36m<div>\u001b[39m\n    \u001b[36m<div\u001b[39m\n      \u001b[33mstyle\u001b[39m=\u001b[32m\"padding: 24px; min-height: 100vh; background: rgb(253, 253, 253); color: rgb(132, 92, 88);\"\u001b[39m\n    \u001b[36m>\u001b[39m\n      \u001b[36m<div\u001b[39m\n        \u001b[33mstyle\u001b[39m=\u001b[32m\"display: flex; align-items: center; justify-content: space-between; gap: 12px; margin-bottom: 16px;\"\u001b[39m\n      \u001b[36m>\u001b[39m\n        \u001b[36m<div\u001b[39m\n          \u001b[33mstyle\u001b[39m=\u001b[32m\"display: flex; align-items: center; gap: 12px;\"\u001b[39m\n        \u001b[36m>\u001b[39m\n          \u001b[36m<button\u001b[39m\n            \u001b[33mclass\u001b[39m=\u001b[32m\"bc-btn bc-btn-outline\"\u001b[39m\n            \u001b[33mstyle\u001b[39m=\u001b[32m\"width: auto;\"\u001b[39m\n            \u001b[33mtype\u001b[39m=\u001b[32m\"button\"\u001b[39m\n          \u001b[36m>\u001b[39m\n            \u001b[0mBack\u001b[0m\n          \u001b[36m</button>\u001b[39m\n          \u001b[36m<div>\u001b[39m\n            \u001b[36m<div\u001b[39m\n              \u001b[33mstyle\u001b[39m=\u001b[32m\"font-size: 28px; font-weight: 800; color: rgb(132, 92, 88);\"\u001b[39m\n            \u001b[36m>\u001b[39m\n              \u001b[0mProducts\u001b[0m\n            \u001b[36m</div>\u001b[39m\n            \u001b[36m<div\u001b[39m\n              \u001b[33mstyle\u001b[39m=\u001b[32m\"font-size: 14px; color: rgb(136, 146, 169);\"\u001b[39m\n            \u001b[36m>\u001b[39m\n              \u001b[0mInventory and services\u001b[0m\n            \u001b[36m</div>\u001b[39m\n          \u001b[36m</div>\u001b[39m\n        \u001b[36m</div>\u001b[39m\n        \u001b[36m<div\u001b[39m\n          \u001b[33mstyle\u001b[39m=\u001b[32m\"display: flex; gap: 10px; flex-wrap: wrap; justify-content: flex-end;\"\u001b[39m\n        \u001b[36m>\u001b[39m\n          \u001b[36m<button\u001b[39m\n            \u001b[33mclass\u001b[39m=\u001b[32m\"bc-btn bc-btn-outline\"\u001b[39m\n            \u001b[33mstyle\u001b[39m=\u001b[32m\"width: auto;\"\u001b[39m\n            \u001b[33mtype\u001b[39m=\u001b[32m\"button\"\u001b[39m\n          \u001b[36m>\u001b[39m\n            \u001b[0mCategories\u001b[0m\n          \u001b[36m</button>\u001b[39m\n          \u001b[36m<button\u001b[39m\n            \u001b[33mclass\u001b[39m=\u001b[32m\"bc-btn bc-btn-primary\"\u001b[39m\n            \u001b[33mstyle\u001b[39m=\u001b[32m\"width: auto;\"\u001b[39m\n            \u001b[33mtype\u001b[39m=\u001b[32m\"button\"\u001b[39m\n          \u001b[36m>\u001b[39m\n            \u001b[0mAdd Product\u001b[0m\n          \u001b[36m</button>\u001b[39m\n        \u001b[36m</div>\u001b[39m\n      \u001b[36m</div>\u001b[39m\n      \u001b[36m<div\u001b[39m\n        \u001b[33mclass\u001b[39m=\u001b[32m\"bc-card\"\u001b[39m\n        \u001b[33mstyle\u001b[39m=\u001b[32m\"border-radius: 10px; padding: 16px;\"\u001b[39m\n      \u001b[36m>\u001b[39m\n        \u001b[36m<div\u001b[39m\n          \u001b[33mstyle\u001b[39m=\u001b[32m\"display: flex; gap: 10px; align-items: center; justify-content: space-between; flex-wrap: wrap; margin-bottom: 12px;\"\u001b[39m\n        \u001b[36m>\u001b[39m\n          \u001b[36m<input\u001b[39m\n            \u001b[33mclass\u001b[39m=\u001b[32m\"bc-input\"\u001b[39m\n            \u001b[33mplaceholder\u001b[39m=\u001b[32m\"Search categories or products…\"\u001b[39m\n            \u001b[33mstyle\u001b[39m=\u001b[32m\"max-width: 520px; flex: 1 1 320px;\"\u001b[39m\n            \u001b[33mvalue\u001b[39m=\u001b[32m\"\"\u001b[39m\n          \u001b[36m/>\u001b[39m\n          \u001b[36m<div\u001b[39m\n            \u001b[33mstyle\u001b[39m=\u001b[32m\"display: flex; gap: 8px; flex-wrap: wrap; justify-content: flex-end;\"\u001b[39m\n          \u001b[36m>\u001b[39m\n            \u001b[36m<button\u001b[39m\n              \u001b[33mclass\u001b[39m=\u001b[32m\"bc-btn bc-btn-outline\"\u001b[39m\n              \u001b[33mstyle\u001b[39m=\u001b[32m\"width: auto;\"\u001b[39m\n              \u001b[33mtype\u001b[39m=\u001b[32m\"button\"\u001b[39m\n            \u001b[36m>\u001b[39m\n              \u001b[0mExpand All\u001b[0m\n            \u001b[36m</button>\u001b[39m\n            \u001b[36m<button\u001b[39m\n              \u001b[33mclass\u001b[39m=\u001b[32m\"bc-btn bc-btn-outline\"\u001b[39m\n              \u001b[33mstyle\u001b[39m=\u001b[32m\"width: auto;\"\u001b[39m\n              \u001b[33mtype\u001b[39m=\u001b[32m\"button\"\u001b[39m\n            \u001b[36m>\u001b[39m\n              \u001b[0mCollapse All\u001b[0m\n            \u001b[36m</button>\u001b[39m\n          \u001b[36m</div>\u001b[39m\n        \u001b[36m</div>\u001b[39m\n        \u001b[36m<div\u001b[39m\n          \u001b[33mstyle\u001b[39m=\u001b[32m\"display: grid; gap: 12px;\"\u001b[39m\n        \u001b[36m>\u001b[39m\n          \u001b[36m<div\u001b[39m\n            \u001b[33mclass\u001b[39m=\u001b[32m\"bc-card\"\u001b[39m\n            \u001b[33mstyle\u001b[39m=\u001b[32m\"padding: 0px; overflow: hidden; border-radius: 12px; border: 1px solid rgba(255, 0, 0, 0.35); background: rgba(255, 0, 0, 0.08);\"\u001b[39m\n          \u001b[36m>\u001b[39m\n            \u001b[36m<button\u001b[39m\n              \u001b[33mstyle\u001b[39m=\u001b[32m\"width: 100%; background: transparent; cursor: pointer; text-align: left; padding: 12px 14px; display: flex; align-items: center; justify-content: space-between; gap: 10px; border-left: 6px solid rgb(255, 0, 0);\"\u001b[39m\n              \u001b[33mtype\u001b[39m=\u001b[32m\"button\"\u001b[39m\n            \u001b[36m>\u001b[39m\n              \u001b[36m<div\u001b[39m\n                \u001b[33mstyle\u001b[39m=\u001b[32m\"display: flex; align-items: center; gap: 10px;\"\u001b[39m\n              \u001b[36m>\u001b[39m\n                \u001b[36m<div\u001b[39m\n                  \u001b[33mstyle\u001b[39m=\u001b[32m\"font-size: 18px;\"\u001b[39m\n                \u001b[36m>\u001b[39m\n                  \u001b[0m📱\u001b[0m\n                \u001b[36m</div>\u001b[39m\n                \u001b[36m<div>\u001b[39m\n                  \u001b[36m<div\u001b[39m\n                    \u001b[33mstyle\u001b[39m=\u001b[32m\"font-size: 14px; font-weight: 900; color: rgb(132, 92, 88);\"\u001b[39m\n                  \u001b[36m>\u001b[39m\n                    \u001b[0mElectronics\u001b[0m\n                  \u001b[36m</div>\u001b[39m\n                  \u001b[36m<div\u001b[39m\n                    \u001b[33mstyle\u001b[39m=\u001b[32m\"font-size: 12px; color: rgb(136, 146, 169);\"\u001b[39m\n                  \u001b[36m>\u001b[39m\n                    \u001b[0m2\u001b[0m\n                    \u001b[0m product(s)\u001b[0m\n                  \u001b[36m</div>\u001b[39m\n                \u001b[36m</div>\u001b[39m\n              \u001b[36m</div>\u001b[39m\n              \u001b[36m<div\u001b[39m\n                \u001b[33mstyle\u001b[39m=\u001b[32m\"font-size: 13px; color: rgb(136, 146, 169); font-weight: 800;\"\u001b[39m\n              \u001b[36m>\u001b[39m\n                \u001b[0mHide\u001b[0m\n              \u001b[36m</div>\u001b[39m\n            \u001b[36m</button>\u001b[39m\n            \u001b[36m<div\u001b[39m\n              \u001b[33mstyle\u001b[39m=\u001b[32m\"padding: 0px 12px 12px 12px;\"\u001b[39m\n            \u001b[36m>\u001b[39m\n              \u001b[36m<div\u001b[39m\n                \u001b[33mstyle\u001b[39m=\u001b[32m\"overflow-x: auto;\"\u001b[39m\n              \u001b[36m>\u001b[39m\n                \u001b[36m<table\u001b[39m\n                  \u001b[33mclass\u001b[39m=\u001b[32m\"bc-table\"\u001b[39m\n                  \u001b[33mstyle\u001b[39m=\u001b[32m\"width: 100%; border-collapse: collapse; background: rgb(232, 234, 236); border-radius: 10px; overflow: hidden;\"\u001b[39m\n                \u001b[36m>\u001b[39m\n                  \u001b[36m<thead>\u001b[39m\n                    \u001b[36m<tr>\u001b[39m\n                      \u001b[36m<th\u001b[39m\n                        \u001b[33mstyle\u001b[39m=\u001b[32m\"text-align: left; padding: 10px; border-bottom: 1px solid rgb(210, 214, 219);\"\u001b[39m\n                      \u001b[36m>\u001b[39m\n                        \u001b[0mName\u001b[0m\n                      \u001b[36m</th>\u001b[39m\n                      \u001b[36m<th\u001b[39m\n                        \u001b[33mstyle\u001b[39m=\u001b[32m\"text-align: right; padding: 10px; border-bottom: 1px solid rgb(210, 214, 219);\"\u001b[39m\n                      \u001b[36m>\u001b[39m\n                        \u001b[0mPrice\u001b[0m\n                      \u001b[36m</th>\u001b[39m\n                      \u001b[36m<th\u001b[39m\n                        \u001b[33mstyle\u001b[39m=\u001b[32m\"text-align: center; padding: 10px; border-bottom: 1px solid rgb(210, 214, 219);\"\u001b[39m\n                      \u001b[36m>\u001b[39m\n                        \u001b[0mTrack Stock\u001b[0m\n                      \u001b[36m</th>\u001b[39m\n                      \u001b[36m<th\u001b[39m\n                        \u001b[33mstyle\u001b[39m=\u001b[32m\"text-align: right; padding: 10px; border-bottom: 1px solid rgb(210, 214, 219);\"\u001b[39m\n                      \u001b[36m>\u001b[39m\n                        \u001b[0mStoc...\n\nIgnored nodes: comments, script, style\n\u001b[36m<html\u001b[39m\n  \u001b[33mdata-theme\u001b[39m=\u001b[32m\"light\"\u001b[39m\n\u001b[36m>\u001b[39m\n  \u001b[36m<head />\u001b[39m\n  \u001b[36m<body>\u001b[39m\n    \u001b[36m<div>\u001b[39m\n      \u001b[36m<div\u001b[39m\n        \u001b[33mstyle\u001b[39m=\u001b[32m\"padding: 24px; min-height: 100vh; background: rgb(253, 253, 253); color: rgb(132, 92, 88);\"\u001b[39m\n      \u001b[36m>\u001b[39m\n        \u001b[36m<div\u001b[39m\n          \u001b[33mstyle\u001b[39m=\u001b[32m\"display: flex; align-items: center; justify-content: space-between; gap: 12px; margin-bottom: 16px;\"\u001b[39m\n        \u001b[36m>\u001b[39m\n          \u001b[36m<div\u001b[39m\n            \u001b[33mstyle\u001b[39m=\u001b[32m\"display: flex; align-items: center; gap: 12px;\"\u001b[39m\n          \u001b[36m>\u001b[39m\n            \u001b[36m<button\u001b[39m\n              \u001b[33mclass\u001b[39m=\u001b[32m\"bc-btn bc-btn-outline\"\u001b[39m\n              \u001b[33mstyle\u001b[39m=\u001b[32m\"width: auto;\"\u001b[39m\n              \u001b[33mtype\u001b[39m=\u001b[32m\"button\"\u001b[39m\n            \u001b[36m>\u001b[39m\n              \u001b[0mBack\u001b[0m\n            \u001b[36m</button>\u001b[39m\n            \u001b[36m<div>\u001b[39m\n              \u001b[36m<div\u001b[39m\n                \u001b[33mstyle\u001b[39m=\u001b[32m\"font-size: 28px; font-weight: 800; color: rgb(132, 92, 88);\"\u001b[39m\n              \u001b[36m>\u001b[39m\n                \u001b[0mProducts\u001b[0m\n              \u001b[36m</div>\u001b[39m\n              \u001b[36m<div\u001b[39m\n                \u001b[33mstyle\u001b[39m=\u001b[32m\"font-size: 14px; color: rgb(136, 146, 169);\"\u001b[39m\n              \u001b[36m>\u001b[39m\n                \u001b[0mInventory and services\u001b[0m\n              \u001b[36m</div>\u001b[39m\n            \u001b[36m</div>\u001b[39m\n          \u001b[36m</div>\u001b[39m\n          \u001b[36m<div\u001b[39m\n            \u001b[33mstyle\u001b[39m=\u001b[32m\"display: flex; gap: 10px; flex-wrap: wrap; justify-content: flex-end;\"\u001b[39m\n          \u001b[36m>\u001b[39m\n            \u001b[36m<button\u001b[39m\n              \u001b[33mclass\u001b[39m=\u001b[32m\"bc-btn bc-btn-outline\"\u001b[39m\n              \u001b[33mstyle\u001b[39m=\u001b[32m\"width: auto;\"\u001b[39m\n              \u001b[33mtype\u001b[39m=\u001b[32m\"button\"\u001b[39m\n            \u001b[36m>\u001b[39m\n              \u001b[0mCategories\u001b[0m\n            \u001b[36m</button>\u001b[39m\n            \u001b[36m<button\u001b[39m\n              \u001b[33mclass\u001b[39m=\u001b[32m\"bc-btn bc-btn-primary\"\u001b[39m\n              \u001b[33mstyle\u001b[39m=\u001b[32m\"width: auto;\"\u001b[39m\n              \u001b[33mtype\u001b[39m=\u001b[32m\"button\"\u001b[39m\n            \u001b[36m>\u001b[39m\n              \u001b[0mAdd Product\u001b[0m\n            \u001b[36m</button>\u001b[39m\n          \u001b[36m</div>\u001b[39m\n        \u001b[36m</div>\u001b[39m\n        \u001b[36m<div\u001b[39m\n          \u001b[33mclass\u001b[39m=\u001b[32m\"bc-card\"\u001b[39m\n          \u001b[33mstyle\u001b[39m=\u001b[32m\"border-radius: 10px; padding: 16px;\"\u001b[39m\n        \u001b[36m>\u001b[39m\n          \u001b[36m<div\u001b[39m\n            \u001b[33mstyle\u001b[39m=\u001b[32m\"display: flex; gap: 10px; align-items: center; justify-content: space-between; flex-wrap: wrap; margin-bottom: 12px;\"\u001b[39m\n          \u001b[36m>\u001b[39m\n            \u001b[36m<input\u001b[39m\n              \u001b[33mclass\u001b[39m=\u001b[32m\"bc-input\"\u001b[39m\n              \u001b[33mplaceholder\u001b[39m=\u001b[32m\"Search categories or products…\"\u001b[39m\n              \u001b[33mstyle\u001b[39m=\u001b[32m\"max-width: 520px; flex: 1 1 320px;\"\u001b[39m\n              \u001b[33mvalue\u001b[39m=\u001b[32m\"\"\u001b[39m\n            \u001b[36m/>\u001b[39m\n            \u001b[36m<div\u001b[39m\n              \u001b[33mstyle\u001b[39m=\u001b[32m\"display: flex; gap: 8px; flex-wrap: wrap; justify-content: flex-end;\"\u001b[39m\n            \u001b[36m>\u001b[39m\n              \u001b[36m<button\u001b[39m\n                \u001b[33mclass\u001b[39m=\u001b[32m\"bc-btn bc-btn-outline\"\u001b[39m\n                \u001b[33mstyle\u001b[39m=\u001b[32m\"width: auto;\"\u001b[39m\n                \u001b[33mtype\u001b[39m=\u001b[32m\"button\"\u001b[39m\n              \u001b[36m>\u001b[39m\n                \u001b[0mExpand All\u001b[0m\n              \u001b[36m</button>\u001b[39m\n              \u001b[36m<button\u001b[39m\n                \u001b[33mclass\u001b[39m=\u001b[32m\"bc-btn bc-btn-outline\"\u001b[39m\n                \u001b[33mstyle\u001b[39m=\u001b[32m\"width: auto;\"\u001b[39m\n                \u001b[33mtype\u001b[39m=\u001b[32m\"button\"\u001b[39m\n              \u001b[36m>\u001b[39m\n                \u001b[0mCollapse All\u001b[0m\n              \u001b[36m</button>\u001b[39m\n            \u001b[36m</div>\u001b[39m\n          \u001b[36m</div>\u001b[39m\n          \u001b[36m<div\u001b[39m\n            \u001b[33mstyle\u001b[39m=\u001b[32m\"display: grid; gap: 12px;\"\u001b[39m\n          \u001b[36m>\u001b[39m\n            \u001b[36m<div\u001b[39m\n              \u001b[33mclass\u001b[39m=\u001b[32m\"bc-card\"\u001b[39m\n              \u001b[33mstyle\u001b[39m=\u001b[32m\"padding: 0px; overflow: hidden; border-radius: 12px; border: 1px solid rgba(255, 0, 0, 0.35); background: rgba(255, 0, 0, 0.08);\"\u001b[39m\n            \u001b[36m>\u001b[39m\n              \u001b[36m<button\u001b[39m\n                \u001b[33mstyle\u001b[39m=\u001b[32m\"width: 100%; background: transparent; cursor: pointer; text-align: left; padding: 12px 14px; display: flex; align-items: center; justify-content: space-between; gap: 10px; border-left: 6px solid rgb(255, 0, 0);\"\u001b[39m\n                \u001b[33mtype\u001b[39m=\u001b[32m\"button\"\u001b[39m\n              \u001b[36m>\u001b[39m\n                \u001b[36m<div\u001b[39m\n                  \u001b[33mstyle\u001b[39m=\u001b[32m\"display: flex; align-items: center; gap: 10px;\"\u001b[39m\n                \u001b[36m>\u001b[39m\n                  \u001b[36m<div\u001b[39m\n                    \u001b[33mstyle\u001b[39m=\u001b[32m\"font-size: 18px;\"\u001b[39m\n                  \u001b[36m>\u001b[39m\n                    \u001b[0m📱\u001b[0m\n                  \u001b[36m</div>\u001b[39m\n                  \u001b[36m<div>\u001b[39m\n                    \u001b[36m<div\u001b[39m\n                      \u001b[33mstyle\u001b[39m=\u001b[32m\"font-size: 14px; font-weight: 900; color: rgb(132, 92, 88);\"\u001b[39m\n                    \u001b[36m>\u001b[39m\n                      \u001b[0mElectronics\u001b[0m\n                    \u001b[36m</div>\u001b[39m\n                    \u001b[36m<div\u001b[39m\n                      \u001b[33mstyle\u001b[39m=\u001b[32m\"font-size: 12px; color: rgb(136, 146, 169);\"\u001b[39m\n                    \u001b[36m>\u001b[39m\n                      \u001b[0m2\u001b[0m\n                      \u001b[0m product(s)\u001b[0m\n                    \u001b[36m</div>\u001b[39m\n                  \u001b[36m</div>\u001b[39m\n                \u001b[36m</div>\u001b[39m\n                \u001b[36m<div\u001b[39m\n                  \u001b[33mstyle\u001b[39m=\u001b[32m\"font-size: 13px; color: rgb(136, 146, 169); font-weight: 800;\"\u001b[39m\n                \u001b[36m>\u001b[39m\n                  \u001b[0mHide\u001b[0m\n                \u001b[36m</div>\u001b[39m\n              \u001b[36m</button>\u001b[39m\n              \u001b[36m<div\u001b[39m\n                \u001b[33mstyle\u001b[39m=\u001b[32m\"padding: 0px 12px 12px 12px;\"\u001b[39m\n              \u001b[36m>\u001b[39m\n                \u001b[36m<div\u001b[39m\n                  \u001b[33mstyle\u001b[39m=\u001b[32m\"overflow-x: auto;\"\u001b[39m\n                \u001b[36m>\u001b[39m\n                  \u001b[36m<table\u001b[39m\n                    \u001b[33mclass\u001b[39m=\u001b[32m\"bc-table\"\u001b[39m\n                    \u001b[33mstyle\u001b[39m=\u001b[32m\"width: 100%; border-collapse: collapse; background: rgb(232, 234, 236); border-radius: 10px; overflow: hidden;\"\u001b[39m\n                  \u001b[36m>\u001b[39m\n                    \u001b[36m<thead>\u001b[39m\n                      \u001b[36m<tr>\u001b[39m\n                        \u001b[36m<th\u001b[39m\n                          \u001b[33mstyle\u001b[39m=\u001b[32m\"text-align: left; padding: 10px; border-bottom: 1px solid rgb(210, 214, 219);\"\u001b[39m\n                        \u001b[36m>\u001b[39m\n                          \u001b[0mName\u001b[0m\n                        \u001b[36m</th>\u001b[39m\n                        \u001b[36m<th\u001b[39m\n                          \u001b[33mstyle\u001b[39m=\u001b[32m\"text-align: right; padding: 10px; border-bottom: 1px solid rgb(210, 214, 219);\"\u001b[39m\n                        \u001b[36m>\u001b[39m\n                          \u001b[0mPrice\u001b[0m\n                        \u001b[36m</th>\u001b[39m\n                        \u001b[36m<th\u001b[39m\n                          \u001b[33mstyle\u001b[39m=\u001b[32m\"text-align: center; padding: 10px; border-bottom: 1px s..."],"location":{"line":163,"column":27}},{"ancestorTitles":["","ProductsPage Component - Black Box Tests","Empty Categories Display"],"fullName":" ProductsPage Component - Black Box Tests Empty Categories Display should show empty categories (Fix #7)","status":"passed","title":"should show empty categories (Fix #7)","duration":31,"failureMessages":[]},{"ancestorTitles":["","ProductsPage Component - Black Box Tests","Empty Categories Display"],"fullName":" ProductsPage Component - Black Box Tests Empty Categories Display should display message for categories with no products","status":"failed","title":"should display message for categories with no products","duration":1075,"failureMessages":["Found multiple elements with the text: /No products in this category yet/\n\nHere are the matching elements:\n\nIgnored nodes: comments, script, style\n\u001b[36m<div\u001b[39m\n  \u001b[33mstyle\u001b[39m=\u001b[32m\"padding: 16px; text-align: center; font-size: 13px; color: rgb(136, 146, 169);\"\u001b[39m\n\u001b[36m>\u001b[39m\n  \u001b[0mNo products in this category yet.\u001b[0m\n\u001b[36m</div>\u001b[39m\n\nIgnored nodes: comments, script, style\n\u001b[36m<div\u001b[39m\n  \u001b[33mstyle\u001b[39m=\u001b[32m\"padding: 16px; text-align: center; font-size: 13px; color: rgb(136, 146, 169);\"\u001b[39m\n\u001b[36m>\u001b[39m\n  \u001b[0mNo products in this category yet.\u001b[0m\n\u001b[36m</div>\u001b[39m\n\n(If this is intentional, then use the `*AllBy*` variant of the query (like `queryAllByText`, `getAllByText`, or `findAllByText`)).\n\nIgnored nodes: comments, script, style\n\u001b[36m<body>\u001b[39m\n  \u001b[36m<div>\u001b[39m\n    \u001b[36m<div\u001b[39m\n      \u001b[33mstyle\u001b[39m=\u001b[32m\"padding: 24px; min-height: 100vh; background: rgb(253, 253, 253); color: rgb(132, 92, 88);\"\u001b[39m\n    \u001b[36m>\u001b[39m\n      \u001b[36m<div\u001b[39m\n        \u001b[33mstyle\u001b[39m=\u001b[32m\"display: flex; align-items: center; justify-content: space-between; gap: 12px; margin-bottom: 16px;\"\u001b[39m\n      \u001b[36m>\u001b[39m\n        \u001b[36m<div\u001b[39m\n          \u001b[33mstyle\u001b[39m=\u001b[32m\"display: flex; align-items: center; gap: 12px;\"\u001b[39m\n        \u001b[36m>\u001b[39m\n          \u001b[36m<button\u001b[39m\n            \u001b[33mclass\u001b[39m=\u001b[32m\"bc-btn bc-btn-outline\"\u001b[39m\n            \u001b[33mstyle\u001b[39m=\u001b[32m\"width: auto;\"\u001b[39m\n            \u001b[33mtype\u001b[39m=\u001b[32m\"button\"\u001b[39m\n          \u001b[36m>\u001b[39m\n            \u001b[0mBack\u001b[0m\n          \u001b[36m</button>\u001b[39m\n          \u001b[36m<div>\u001b[39m\n            \u001b[36m<div\u001b[39m\n              \u001b[33mstyle\u001b[39m=\u001b[32m\"font-size: 28px; font-weight: 800; color: rgb(132, 92, 88);\"\u001b[39m\n            \u001b[36m>\u001b[39m\n              \u001b[0mProducts\u001b[0m\n            \u001b[36m</div>\u001b[39m\n            \u001b[36m<div\u001b[39m\n              \u001b[33mstyle\u001b[39m=\u001b[32m\"font-size: 14px; color: rgb(136, 146, 169);\"\u001b[39m\n            \u001b[36m>\u001b[39m\n              \u001b[0mInventory and services\u001b[0m\n            \u001b[36m</div>\u001b[39m\n          \u001b[36m</div>\u001b[39m\n        \u001b[36m</div>\u001b[39m\n        \u001b[36m<div\u001b[39m\n          \u001b[33mstyle\u001b[39m=\u001b[32m\"display: flex; gap: 10px; flex-wrap: wrap; justify-content: flex-end;\"\u001b[39m\n        \u001b[36m>\u001b[39m\n          \u001b[36m<button\u001b[39m\n            \u001b[33mclass\u001b[39m=\u001b[32m\"bc-btn bc-btn-outline\"\u001b[39m\n            \u001b[33mstyle\u001b[39m=\u001b[32m\"width: auto;\"\u001b[39m\n            \u001b[33mtype\u001b[39m=\u001b[32m\"button\"\u001b[39m\n          \u001b[36m>\u001b[39m\n            \u001b[0mCategories\u001b[0m\n          \u001b[36m</button>\u001b[39m\n          \u001b[36m<button\u001b[39m\n            \u001b[33mclass\u001b[39m=\u001b[32m\"bc-btn bc-btn-primary\"\u001b[39m\n            \u001b[33mstyle\u001b[39m=\u001b[32m\"width: auto;\"\u001b[39m\n            \u001b[33mtype\u001b[39m=\u001b[32m\"button\"\u001b[39m\n          \u001b[36m>\u001b[39m\n            \u001b[0mAdd Product\u001b[0m\n          \u001b[36m</button>\u001b[39m\n        \u001b[36m</div>\u001b[39m\n      \u001b[36m</div>\u001b[39m\n      \u001b[36m<div\u001b[39m\n        \u001b[33mclass\u001b[39m=\u001b[32m\"bc-card\"\u001b[39m\n        \u001b[33mstyle\u001b[39m=\u001b[32m\"border-radius: 10px; padding: 16px;\"\u001b[39m\n      \u001b[36m>\u001b[39m\n        \u001b[36m<div\u001b[39m\n          \u001b[33mstyle\u001b[39m=\u001b[32m\"display: flex; gap: 10px; align-items: center; justify-content: space-between; flex-wrap: wrap; margin-bottom: 12px;\"\u001b[39m\n        \u001b[36m>\u001b[39m\n          \u001b[36m<input\u001b[39m\n            \u001b[33mclass\u001b[39m=\u001b[32m\"bc-input\"\u001b[39m\n            \u001b[33mplaceholder\u001b[39m=\u001b[32m\"Search categories or products…\"\u001b[39m\n            \u001b[33mstyle\u001b[39m=\u001b[32m\"max-width: 520px; flex: 1 1 320px;\"\u001b[39m\n            \u001b[33mvalue\u001b[39m=\u001b[32m\"\"\u001b[39m\n          \u001b[36m/>\u001b[39m\n          \u001b[36m<div\u001b[39m\n            \u001b[33mstyle\u001b[39m=\u001b[32m\"display: flex; gap: 8px; flex-wrap: wrap; justify-content: flex-end;\"\u001b[39m\n          \u001b[36m>\u001b[39m\n            \u001b[36m<button\u001b[39m\n              \u001b[33mclass\u001b[39m=\u001b[32m\"bc-btn bc-btn-outline\"\u001b[39m\n              \u001b[33mstyle\u001b[39m=\u001b[32m\"width: auto;\"\u001b[39m\n              \u001b[33mtype\u001b[39m=\u001b[32m\"button\"\u001b[39m\n            \u001b[36m>\u001b[39m\n              \u001b[0mExpand All\u001b[0m\n            \u001b[36m</button>\u001b[39m\n            \u001b[36m<button\u001b[39m\n              \u001b[33mclass\u001b[39m=\u001b[32m\"bc-btn bc-btn-outline\"\u001b[39m\n              \u001b[33mstyle\u001b[39m=\u001b[32m\"width: auto;\"\u001b[39m\n              \u001b[33mtype\u001b[39m=\u001b[32m\"button\"\u001b[39m\n            \u001b[36m>\u001b[39m\n              \u001b[0mCollapse All\u001b[0m\n            \u001b[36m</button>\u001b[39m\n          \u001b[36m</div>\u001b[39m\n        \u001b[36m</div>\u001b[39m\n        \u001b[36m<div\u001b[39m\n          \u001b[33mstyle\u001b[39m=\u001b[32m\"display: grid; gap: 12px;\"\u001b[39m\n        \u001b[36m>\u001b[39m\n          \u001b[36m<div\u001b[39m\n            \u001b[33mclass\u001b[39m=\u001b[32m\"bc-card\"\u001b[39m\n            \u001b[33mstyle\u001b[39m=\u001b[32m\"padding: 0px; overflow: hidden; border-radius: 12px; border: 1px solid rgba(255, 0, 0, 0.35); background: rgba(255, 0, 0, 0.08);\"\u001b[39m\n          \u001b[36m>\u001b[39m\n            \u001b[36m<button\u001b[39m\n              \u001b[33mstyle\u001b[39m=\u001b[32m\"width: 100%; background: transparent; cursor: pointer; text-align: left; padding: 12px 14px; display: flex; align-items: center; justify-content: space-between; gap: 10px; border-left: 6px solid rgb(255, 0, 0);\"\u001b[39m\n              \u001b[33mtype\u001b[39m=\u001b[32m\"button\"\u001b[39m\n            \u001b[36m>\u001b[39m\n              \u001b[36m<div\u001b[39m\n                \u001b[33mstyle\u001b[39m=\u001b[32m\"display: flex; align-items: center; gap: 10px;\"\u001b[39m\n              \u001b[36m>\u001b[39m\n                \u001b[36m<div\u001b[39m\n                  \u001b[33mstyle\u001b[39m=\u001b[32m\"font-size: 18px;\"\u001b[39m\n                \u001b[36m>\u001b[39m\n                  \u001b[0m📱\u001b[0m\n                \u001b[36m</div>\u001b[39m\n                \u001b[36m<div>\u001b[39m\n                  \u001b[36m<div\u001b[39m\n                    \u001b[33mstyle\u001b[39m=\u001b[32m\"font-size: 14px; font-weight: 900; color: rgb(132, 92, 88);\"\u001b[39m\n                  \u001b[36m>\u001b[39m\n                    \u001b[0mElectronics\u001b[0m\n                  \u001b[36m</div>\u001b[39m\n                  \u001b[36m<div\u001b[39m\n                    \u001b[33mstyle\u001b[39m=\u001b[32m\"font-size: 12px; color: rgb(136, 146, 169);\"\u001b[39m\n                  \u001b[36m>\u001b[39m\n                    \u001b[0m2\u001b[0m\n                    \u001b[0m product(s)\u001b[0m\n                  \u001b[36m</div>\u001b[39m\n                \u001b[36m</div>\u001b[39m\n              \u001b[36m</div>\u001b[39m\n              \u001b[36m<div\u001b[39m\n                \u001b[33mstyle\u001b[39m=\u001b[32m\"font-size: 13px; color: rgb(136, 146, 169); font-weight: 800;\"\u001b[39m\n              \u001b[36m>\u001b[39m\n                \u001b[0mHide\u001b[0m\n              \u001b[36m</div>\u001b[39m\n            \u001b[36m</button>\u001b[39m\n            \u001b[36m<div\u001b[39m\n              \u001b[33mstyle\u001b[39m=\u001b[32m\"padding: 0px 12px 12px 12px;\"\u001b[39m\n            \u001b[36m>\u001b[39m\n              \u001b[36m<div\u001b[39m\n                \u001b[33mstyle\u001b[39m=\u001b[32m\"overflow-x: auto;\"\u001b[39m\n              \u001b[36m>\u001b[39m\n                \u001b[36m<table\u001b[39m\n                  \u001b[33mclass\u001b[39m=\u001b[32m\"bc-table\"\u001b[39m\n                  \u001b[33mstyle\u001b[39m=\u001b[32m\"width: 100%; border-collapse: collapse; background: rgb(232, 234, 236); border-radius: 10px; overflow: hidden;\"\u001b[39m\n                \u001b[36m>\u001b[39m\n                  \u001b[36m<thead>\u001b[39m\n                    \u001b[36m<tr>\u001b[39m\n                      \u001b[36m<th\u001b[39m\n                        \u001b[33mstyle\u001b[39m=\u001b[32m\"text-align: left; padding: 10px; border-bottom: 1px solid rgb(210, 214, 219);\"\u001b[39m\n                      \u001b[36m>\u001b[39m\n                        \u001b[0mName\u001b[0m\n                      \u001b[36m</th>\u001b[39m\n                      \u001b[36m<th\u001b[39m\n                        \u001b[33mstyle\u001b[39m=\u001b[32m\"text-align: right; padding: 10px; border-bottom: 1px solid rgb(210, 214, 219);\"\u001b[39m\n                      \u001b[36m>\u001b[39m\n                        \u001b[0mPrice\u001b[0m\n                      \u001b[36m</th>\u001b[39m\n                      \u001b[36m<th\u001b[39m\n                        \u001b[33mstyle\u001b[39m=\u001b[32m\"text-align: center; padding: 10px; border-bottom: 1px solid rgb(210, 214, 219);\"\u001b[39m\n                      \u001b[36m>\u001b[39m\n                        \u001b[0mTrack Stock\u001b[0m\n                      \u001b[36m</th>\u001b[39m\n                      \u001b[36m<th\u001b[39m\n                        \u001b[33mstyle\u001b[39m=\u001b[32m\"text-align: right; padding: 10px; border-bottom: 1px solid rgb(210, 214, 219);\"\u001b[39m\n                      \u001b[36m>\u001b[39m\n                        \u001b[0mStoc...\n\nIgnored nodes: comments, script, style\n\u001b[36m<html\u001b[39m\n  \u001b[33mdata-theme\u001b[39m=\u001b[32m\"light\"\u001b[39m\n\u001b[36m>\u001b[39m\n  \u001b[36m<head />\u001b[39m\n  \u001b[36m<body>\u001b[39m\n    \u001b[36m<div>\u001b[39m\n      \u001b[36m<div\u001b[39m\n        \u001b[33mstyle\u001b[39m=\u001b[32m\"padding: 24px; min-height: 100vh; background: rgb(253, 253, 253); color: rgb(132, 92, 88);\"\u001b[39m\n      \u001b[36m>\u001b[39m\n        \u001b[36m<div\u001b[39m\n          \u001b[33mstyle\u001b[39m=\u001b[32m\"display: flex; align-items: center; justify-content: space-between; gap: 12px; margin-bottom: 16px;\"\u001b[39m\n        \u001b[36m>\u001b[39m\n          \u001b[36m<div\u001b[39m\n            \u001b[33mstyle\u001b[39m=\u001b[32m\"display: flex; align-items: center; gap: 12px;\"\u001b[39m\n          \u001b[36m>\u001b[39m\n            \u001b[36m<button\u001b[39m\n              \u001b[33mclass\u001b[39m=\u001b[32m\"bc-btn bc-btn-outline\"\u001b[39m\n              \u001b[33mstyle\u001b[39m=\u001b[32m\"width: auto;\"\u001b[39m\n              \u001b[33mtype\u001b[39m=\u001b[32m\"button\"\u001b[39m\n            \u001b[36m>\u001b[39m\n              \u001b[0mBack\u001b[0m\n            \u001b[36m</button>\u001b[39m\n            \u001b[36m<div>\u001b[39m\n              \u001b[36m<div\u001b[39m\n                \u001b[33mstyle\u001b[39m=\u001b[32m\"font-size: 28px; font-weight: 800; color: rgb(132, 92, 88);\"\u001b[39m\n              \u001b[36m>\u001b[39m\n                \u001b[0mProducts\u001b[0m\n              \u001b[36m</div>\u001b[39m\n              \u001b[36m<div\u001b[39m\n                \u001b[33mstyle\u001b[39m=\u001b[32m\"font-size: 14px; color: rgb(136, 146, 169);\"\u001b[39m\n              \u001b[36m>\u001b[39m\n                \u001b[0mInventory and services\u001b[0m\n              \u001b[36m</div>\u001b[39m\n            \u001b[36m</div>\u001b[39m\n          \u001b[36m</div>\u001b[39m\n          \u001b[36m<div\u001b[39m\n            \u001b[33mstyle\u001b[39m=\u001b[32m\"display: flex; gap: 10px; flex-wrap: wrap; justify-content: flex-end;\"\u001b[39m\n          \u001b[36m>\u001b[39m\n            \u001b[36m<button\u001b[39m\n              \u001b[33mclass\u001b[39m=\u001b[32m\"bc-btn bc-btn-outline\"\u001b[39m\n              \u001b[33mstyle\u001b[39m=\u001b[32m\"width: auto;\"\u001b[39m\n              \u001b[33mtype\u001b[39m=\u001b[32m\"button\"\u001b[39m\n            \u001b[36m>\u001b[39m\n              \u001b[0mCategories\u001b[0m\n            \u001b[36m</button>\u001b[39m\n            \u001b[36m<button\u001b[39m\n              \u001b[33mclass\u001b[39m=\u001b[32m\"bc-btn bc-btn-primary\"\u001b[39m\n              \u001b[33mstyle\u001b[39m=\u001b[32m\"width: auto;\"\u001b[39m\n              \u001b[33mtype\u001b[39m=\u001b[32m\"button\"\u001b[39m\n            \u001b[36m>\u001b[39m\n              \u001b[0mAdd Product\u001b[0m\n            \u001b[36m</button>\u001b[39m\n          \u001b[36m</div>\u001b[39m\n        \u001b[36m</div>\u001b[39m\n        \u001b[36m<div\u001b[39m\n          \u001b[33mclass\u001b[39m=\u001b[32m\"bc-card\"\u001b[39m\n          \u001b[33mstyle\u001b[39m=\u001b[32m\"border-radius: 10px; padding: 16px;\"\u001b[39m\n        \u001b[36m>\u001b[39m\n          \u001b[36m<div\u001b[39m\n            \u001b[33mstyle\u001b[39m=\u001b[32m\"display: flex; gap: 10px; align-items: center; justify-content: space-between; flex-wrap: wrap; margin-bottom: 12px;\"\u001b[39m\n          \u001b[36m>\u001b[39m\n            \u001b[36m<input\u001b[39m\n              \u001b[33mclass\u001b[39m=\u001b[32m\"bc-input\"\u001b[39m\n              \u001b[33mplaceholder\u001b[39m=\u001b[32m\"Search categories or products…\"\u001b[39m\n              \u001b[33mstyle\u001b[39m=\u001b[32m\"max-width: 520px; flex: 1 1 320px;\"\u001b[39m\n              \u001b[33mvalue\u001b[39m=\u001b[32m\"\"\u001b[39m\n            \u001b[36m/>\u001b[39m\n            \u001b[36m<div\u001b[39m\n              \u001b[33mstyle\u001b[39m=\u001b[32m\"display: flex; gap: 8px; flex-wrap: wrap; justify-content: flex-end;\"\u001b[39m\n            \u001b[36m>\u001b[39m\n              \u001b[36m<button\u001b[39m\n                \u001b[33mclass\u001b[39m=\u001b[32m\"bc-btn bc-btn-outline\"\u001b[39m\n                \u001b[33mstyle\u001b[39m=\u001b[32m\"width: auto;\"\u001b[39m\n                \u001b[33mtype\u001b[39m=\u001b[32m\"button\"\u001b[39m\n              \u001b[36m>\u001b[39m\n                \u001b[0mExpand All\u001b[0m\n              \u001b[36m</button>\u001b[39m\n              \u001b[36m<button\u001b[39m\n                \u001b[33mclass\u001b[39m=\u001b[32m\"bc-btn bc-btn-outline\"\u001b[39m\n                \u001b[33mstyle\u001b[39m=\u001b[32m\"width: auto;\"\u001b[39m\n                \u001b[33mtype\u001b[39m=\u001b[32m\"button\"\u001b[39m\n              \u001b[36m>\u001b[39m\n                \u001b[0mCollapse All\u001b[0m\n              \u001b[36m</button>\u001b[39m\n            \u001b[36m</div>\u001b[39m\n          \u001b[36m</div>\u001b[39m\n          \u001b[36m<div\u001b[39m\n            \u001b[33mstyle\u001b[39m=\u001b[32m\"display: grid; gap: 12px;\"\u001b[39m\n          \u001b[36m>\u001b[39m\n            \u001b[36m<div\u001b[39m\n              \u001b[33mclass\u001b[39m=\u001b[32m\"bc-card\"\u001b[39m\n              \u001b[33mstyle\u001b[39m=\u001b[32m\"padding: 0px; overflow: hidden; border-radius: 12px; border: 1px solid rgba(255, 0, 0, 0.35); background: rgba(255, 0, 0, 0.08);\"\u001b[39m\n            \u001b[36m>\u001b[39m\n              \u001b[36m<button\u001b[39m\n                \u001b[33mstyle\u001b[39m=\u001b[32m\"width: 100%; background: transparent; cursor: pointer; text-align: left; padding: 12px 14px; display: flex; align-items: center; justify-content: space-between; gap: 10px; border-left: 6px solid rgb(255, 0, 0);\"\u001b[39m\n                \u001b[33mtype\u001b[39m=\u001b[32m\"button\"\u001b[39m\n              \u001b[36m>\u001b[39m\n                \u001b[36m<div\u001b[39m\n                  \u001b[33mstyle\u001b[39m=\u001b[32m\"display: flex; align-items: center; gap: 10px;\"\u001b[39m\n                \u001b[36m>\u001b[39m\n                  \u001b[36m<div\u001b[39m\n                    \u001b[33mstyle\u001b[39m=\u001b[32m\"font-size: 18px;\"\u001b[39m\n                  \u001b[36m>\u001b[39m\n                    \u001b[0m📱\u001b[0m\n                  \u001b[36m</div>\u001b[39m\n                  \u001b[36m<div>\u001b[39m\n                    \u001b[36m<div\u001b[39m\n                      \u001b[33mstyle\u001b[39m=\u001b[32m\"font-size: 14px; font-weight: 900; color: rgb(132, 92, 88);\"\u001b[39m\n                    \u001b[36m>\u001b[39m\n                      \u001b[0mElectronics\u001b[0m\n                    \u001b[36m</div>\u001b[39m\n                    \u001b[36m<div\u001b[39m\n                      \u001b[33mstyle\u001b[39m=\u001b[32m\"font-size: 12px; color: rgb(136, 146, 169);\"\u001b[39m\n                    \u001b[36m>\u001b[39m\n                      \u001b[0m2\u001b[0m\n                      \u001b[0m product(s)\u001b[0m\n                    \u001b[36m</div>\u001b[39m\n                  \u001b[36m</div>\u001b[39m\n                \u001b[36m</div>\u001b[39m\n                \u001b[36m<div\u001b[39m\n                  \u001b[33mstyle\u001b[39m=\u001b[32m\"font-size: 13px; color: rgb(136, 146, 169); font-weight: 800;\"\u001b[39m\n                \u001b[36m>\u001b[39m\n                  \u001b[0mHide\u001b[0m\n                \u001b[36m</div>\u001b[39m\n              \u001b[36m</button>\u001b[39m\n              \u001b[36m<div\u001b[39m\n                \u001b[33mstyle\u001b[39m=\u001b[32m\"padding: 0px 12px 12px 12px;\"\u001b[39m\n              \u001b[36m>\u001b[39m\n                \u001b[36m<div\u001b[39m\n                  \u001b[33mstyle\u001b[39m=\u001b[32m\"overflow-x: auto;\"\u001b[39m\n                \u001b[36m>\u001b[39m\n                  \u001b[36m<table\u001b[39m\n                    \u001b[33mclass\u001b[39m=\u001b[32m\"bc-table\"\u001b[39m\n                    \u001b[33mstyle\u001b[39m=\u001b[32m\"width: 100%; border-collapse: collapse; background: rgb(232, 234, 236); border-radius: 10px; overflow: hidden;\"\u001b[39m\n                  \u001b[36m>\u001b[39m\n                    \u001b[36m<thead>\u001b[39m\n                      \u001b[36m<tr>\u001b[39m\n                        \u001b[36m<th\u001b[39m\n                          \u001b[33mstyle\u001b[39m=\u001b[32m\"text-align: left; padding: 10px; border-bottom: 1px solid rgb(210, 214, 219);\"\u001b[39m\n                        \u001b[36m>\u001b[39m\n                          \u001b[0mName\u001b[0m\n                        \u001b[36m</th>\u001b[39m\n                        \u001b[36m<th\u001b[39m\n                          \u001b[33mstyle\u001b[39m=\u001b[32m\"text-align: right; padding: 10px; border-bottom: 1px solid rgb(210, 214, 219);\"\u001b[39m\n                        \u001b[36m>\u001b[39m\n                          \u001b[0mPrice\u001b[0m\n                        \u001b[36m</th>\u001b[39m\n                        \u001b[36m<th\u001b[39m\n                          \u001b[33mstyle\u001b[39m=\u001b[32m\"text-align: center; padding: 10px; border-bottom: 1px s..."],"location":{"line":163,"column":27}},{"ancestorTitles":["","ProductsPage Component - Black Box Tests","Product Search & Filter"],"fullName":" ProductsPage Component - Black Box Tests Product Search & Filter should filter products by name","status":"passed","title":"should filter products by name","duration":348,"failureMessages":[]},{"ancestorTitles":["","ProductsPage Component - Black Box Tests","Product Search & Filter"],"fullName":" ProductsPage Component - Black Box Tests Product Search & Filter should filter products by category","status":"passed","title":"should filter products by category","duration":76,"failureMessages":[]},{"ancestorTitles":["","ProductsPage Component - Black Box Tests","Product Search & Filter"],"fullName":" ProductsPage Component - Black Box Tests Product Search & Filter should show no results message when search has no matches","status":"passed","title":"should show no results message when search has no matches","duration":408,"failureMessages":[]},{"ancestorTitles":["","ProductsPage Component - Black Box Tests","Add Product Form"],"fullName":" ProductsPage Component - Black Box Tests Add Product Form should open add product modal","status":"failed","title":"should open add product modal","duration":1034,"failureMessages":["Found multiple elements with the text: /Add Product/i\n\nHere are the matching elements:\n\nIgnored nodes: comments, script, style\n\u001b[36m<button\u001b[39m\n  \u001b[33mclass\u001b[39m=\u001b[32m\"bc-btn bc-btn-primary\"\u001b[39m\n  \u001b[33mstyle\u001b[39m=\u001b[32m\"width: auto;\"\u001b[39m\n  \u001b[33mtype\u001b[39m=\u001b[32m\"button\"\u001b[39m\n\u001b[36m>\u001b[39m\n  \u001b[0mAdd Product\u001b[0m\n\u001b[36m</button>\u001b[39m\n\nIgnored nodes: comments, script, style\n\u001b[36m<div\u001b[39m\n  \u001b[33mstyle\u001b[39m=\u001b[32m\"font-size: 18px; font-weight: 900; color: rgb(132, 92, 88);\"\u001b[39m\n\u001b[36m>\u001b[39m\n  \u001b[0mAdd Product\u001b[0m\n\u001b[36m</div>\u001b[39m\n\n(If this is intentional, then use the `*AllBy*` variant of the query (like `queryAllByText`, `getAllByText`, or `findAllByText`)).\n\nIgnored nodes: comments, script, style\n\u001b[36m<body>\u001b[39m\n  \u001b[36m<div>\u001b[39m\n    \u001b[36m<div\u001b[39m\n      \u001b[33mstyle\u001b[39m=\u001b[32m\"padding: 24px; min-height: 100vh; background: rgb(253, 253, 253); color: rgb(132, 92, 88);\"\u001b[39m\n    \u001b[36m>\u001b[39m\n      \u001b[36m<div\u001b[39m\n        \u001b[33mstyle\u001b[39m=\u001b[32m\"display: flex; align-items: center; justify-content: space-between; gap: 12px; margin-bottom: 16px;\"\u001b[39m\n      \u001b[36m>\u001b[39m\n        \u001b[36m<div\u001b[39m\n          \u001b[33mstyle\u001b[39m=\u001b[32m\"display: flex; align-items: center; gap: 12px;\"\u001b[39m\n        \u001b[36m>\u001b[39m\n          \u001b[36m<button\u001b[39m\n            \u001b[33mclass\u001b[39m=\u001b[32m\"bc-btn bc-btn-outline\"\u001b[39m\n            \u001b[33mstyle\u001b[39m=\u001b[32m\"width: auto;\"\u001b[39m\n            \u001b[33mtype\u001b[39m=\u001b[32m\"button\"\u001b[39m\n          \u001b[36m>\u001b[39m\n            \u001b[0mBack\u001b[0m\n          \u001b[36m</button>\u001b[39m\n          \u001b[36m<div>\u001b[39m\n            \u001b[36m<div\u001b[39m\n              \u001b[33mstyle\u001b[39m=\u001b[32m\"font-size: 28px; font-weight: 800; color: rgb(132, 92, 88);\"\u001b[39m\n            \u001b[36m>\u001b[39m\n              \u001b[0mProducts\u001b[0m\n            \u001b[36m</div>\u001b[39m\n            \u001b[36m<div\u001b[39m\n              \u001b[33mstyle\u001b[39m=\u001b[32m\"font-size: 14px; color: rgb(136, 146, 169);\"\u001b[39m\n            \u001b[36m>\u001b[39m\n              \u001b[0mInventory and services\u001b[0m\n            \u001b[36m</div>\u001b[39m\n          \u001b[36m</div>\u001b[39m\n        \u001b[36m</div>\u001b[39m\n        \u001b[36m<div\u001b[39m\n          \u001b[33mstyle\u001b[39m=\u001b[32m\"display: flex; gap: 10px; flex-wrap: wrap; justify-content: flex-end;\"\u001b[39m\n        \u001b[36m>\u001b[39m\n          \u001b[36m<button\u001b[39m\n            \u001b[33mclass\u001b[39m=\u001b[32m\"bc-btn bc-btn-outline\"\u001b[39m\n            \u001b[33mstyle\u001b[39m=\u001b[32m\"width: auto;\"\u001b[39m\n            \u001b[33mtype\u001b[39m=\u001b[32m\"button\"\u001b[39m\n          \u001b[36m>\u001b[39m\n            \u001b[0mCategories\u001b[0m\n          \u001b[36m</button>\u001b[39m\n          \u001b[36m<button\u001b[39m\n            \u001b[33mclass\u001b[39m=\u001b[32m\"bc-btn bc-btn-primary\"\u001b[39m\n            \u001b[33mstyle\u001b[39m=\u001b[32m\"width: auto;\"\u001b[39m\n            \u001b[33mtype\u001b[39m=\u001b[32m\"button\"\u001b[39m\n          \u001b[36m>\u001b[39m\n            \u001b[0mAdd Product\u001b[0m\n          \u001b[36m</button>\u001b[39m\n        \u001b[36m</div>\u001b[39m\n      \u001b[36m</div>\u001b[39m\n      \u001b[36m<div\u001b[39m\n        \u001b[33mclass\u001b[39m=\u001b[32m\"bc-card\"\u001b[39m\n        \u001b[33mstyle\u001b[39m=\u001b[32m\"border-radius: 10px; padding: 16px;\"\u001b[39m\n      \u001b[36m>\u001b[39m\n        \u001b[36m<div\u001b[39m\n          \u001b[33mstyle\u001b[39m=\u001b[32m\"display: flex; gap: 10px; align-items: center; justify-content: space-between; flex-wrap: wrap; margin-bottom: 12px;\"\u001b[39m\n        \u001b[36m>\u001b[39m\n          \u001b[36m<input\u001b[39m\n            \u001b[33mclass\u001b[39m=\u001b[32m\"bc-input\"\u001b[39m\n            \u001b[33mplaceholder\u001b[39m=\u001b[32m\"Search categories or products…\"\u001b[39m\n            \u001b[33mstyle\u001b[39m=\u001b[32m\"max-width: 520px; flex: 1 1 320px;\"\u001b[39m\n            \u001b[33mvalue\u001b[39m=\u001b[32m\"\"\u001b[39m\n          \u001b[36m/>\u001b[39m\n          \u001b[36m<div\u001b[39m\n            \u001b[33mstyle\u001b[39m=\u001b[32m\"display: flex; gap: 8px; flex-wrap: wrap; justify-content: flex-end;\"\u001b[39m\n          \u001b[36m>\u001b[39m\n            \u001b[36m<button\u001b[39m\n              \u001b[33mclass\u001b[39m=\u001b[32m\"bc-btn bc-btn-outline\"\u001b[39m\n              \u001b[33mstyle\u001b[39m=\u001b[32m\"width: auto;\"\u001b[39m\n              \u001b[33mtype\u001b[39m=\u001b[32m\"button\"\u001b[39m\n            \u001b[36m>\u001b[39m\n              \u001b[0mExpand All\u001b[0m\n            \u001b[36m</button>\u001b[39m\n            \u001b[36m<button\u001b[39m\n              \u001b[33mclass\u001b[39m=\u001b[32m\"bc-btn bc-btn-outline\"\u001b[39m\n              \u001b[33mstyle\u001b[39m=\u001b[32m\"width: auto;\"\u001b[39m\n              \u001b[33mtype\u001b[39m=\u001b[32m\"button\"\u001b[39m\n            \u001b[36m>\u001b[39m\n              \u001b[0mCollapse All\u001b[0m\n            \u001b[36m</button>\u001b[39m\n          \u001b[36m</div>\u001b[39m\n        \u001b[36m</div>\u001b[39m\n        \u001b[36m<div\u001b[39m\n          \u001b[33mstyle\u001b[39m=\u001b[32m\"display: grid; gap: 12px;\"\u001b[39m\n        \u001b[36m>\u001b[39m\n          \u001b[36m<div\u001b[39m\n            \u001b[33mclass\u001b[39m=\u001b[32m\"bc-card\"\u001b[39m\n            \u001b[33mstyle\u001b[39m=\u001b[32m\"padding: 0px; overflow: hidden; border-radius: 12px; border: 1px solid rgba(255, 0, 0, 0.35); background: rgba(255, 0, 0, 0.08);\"\u001b[39m\n          \u001b[36m>\u001b[39m\n            \u001b[36m<button\u001b[39m\n              \u001b[33mstyle\u001b[39m=\u001b[32m\"width: 100%; background: transparent; cursor: pointer; text-align: left; padding: 12px 14px; display: flex; align-items: center; justify-content: space-between; gap: 10px; border-left: 6px solid rgb(255, 0, 0);\"\u001b[39m\n              \u001b[33mtype\u001b[39m=\u001b[32m\"button\"\u001b[39m\n            \u001b[36m>\u001b[39m\n              \u001b[36m<div\u001b[39m\n                \u001b[33mstyle\u001b[39m=\u001b[32m\"display: flex; align-items: center; gap: 10px;\"\u001b[39m\n              \u001b[36m>\u001b[39m\n                \u001b[36m<div\u001b[39m\n                  \u001b[33mstyle\u001b[39m=\u001b[32m\"font-size: 18px;\"\u001b[39m\n                \u001b[36m>\u001b[39m\n                  \u001b[0m📱\u001b[0m\n                \u001b[36m</div>\u001b[39m\n                \u001b[36m<div>\u001b[39m\n                  \u001b[36m<div\u001b[39m\n                    \u001b[33mstyle\u001b[39m=\u001b[32m\"font-size: 14px; font-weight: 900; color: rgb(132, 92, 88);\"\u001b[39m\n                  \u001b[36m>\u001b[39m\n                    \u001b[0mElectronics\u001b[0m\n                  \u001b[36m</div>\u001b[39m\n                  \u001b[36m<div\u001b[39m\n                    \u001b[33mstyle\u001b[39m=\u001b[32m\"font-size: 12px; color: rgb(136, 146, 169);\"\u001b[39m\n                  \u001b[36m>\u001b[39m\n                    \u001b[0m2\u001b[0m\n                    \u001b[0m product(s)\u001b[0m\n                  \u001b[36m</div>\u001b[39m\n                \u001b[36m</div>\u001b[39m\n              \u001b[36m</div>\u001b[39m\n              \u001b[36m<div\u001b[39m\n                \u001b[33mstyle\u001b[39m=\u001b[32m\"font-size: 13px; color: rgb(136, 146, 169); font-weight: 800;\"\u001b[39m\n              \u001b[36m>\u001b[39m\n                \u001b[0mHide\u001b[0m\n              \u001b[36m</div>\u001b[39m\n            \u001b[36m</button>\u001b[39m\n            \u001b[36m<div\u001b[39m\n              \u001b[33mstyle\u001b[39m=\u001b[32m\"padding: 0px 12px 12px 12px;\"\u001b[39m\n            \u001b[36m>\u001b[39m\n              \u001b[36m<div\u001b[39m\n                \u001b[33mstyle\u001b[39m=\u001b[32m\"overflow-x: auto;\"\u001b[39m\n              \u001b[36m>\u001b[39m\n                \u001b[36m<table\u001b[39m\n                  \u001b[33mclass\u001b[39m=\u001b[32m\"bc-table\"\u001b[39m\n                  \u001b[33mstyle\u001b[39m=\u001b[32m\"width: 100%; border-collapse: collapse; background: rgb(232, 234, 236); border-radius: 10px; overflow: hidden;\"\u001b[39m\n                \u001b[36m>\u001b[39m\n                  \u001b[36m<thead>\u001b[39m\n                    \u001b[36m<tr>\u001b[39m\n                      \u001b[36m<th\u001b[39m\n                        \u001b[33mstyle\u001b[39m=\u001b[32m\"text-align: left; padding: 10px; border-bottom: 1px solid rgb(210, 214, 219);\"\u001b[39m\n                      \u001b[36m>\u001b[39m\n                        \u001b[0mName\u001b[0m\n                      \u001b[36m</th>\u001b[39m\n                      \u001b[36m<th\u001b[39m\n                        \u001b[33mstyle\u001b[39m=\u001b[32m\"text-align: right; padding: 10px; border-bottom: 1px solid rgb(210, 214, 219);\"\u001b[39m\n                      \u001b[36m>\u001b[39m\n                        \u001b[0mPrice\u001b[0m\n                      \u001b[36m</th>\u001b[39m\n                      \u001b[36m<th\u001b[39m\n                        \u001b[33mstyle\u001b[39m=\u001b[32m\"text-align: center; padding: 10px; border-bottom: 1px solid rgb(210, 214, 219);\"\u001b[39m\n                      \u001b[36m>\u001b[39m\n                        \u001b[0mTrack Stock\u001b[0m\n                      \u001b[36m</th>\u001b[39m\n                      \u001b[36m<th\u001b[39m\n                        \u001b[33mstyle\u001b[39m=\u001b[32m\"text-align: right; padding: 10px; border-bottom: 1px solid rgb(210, 214, 219);\"\u001b[39m\n                      \u001b[36m>\u001b[39m\n                        \u001b[0mStoc...\n\nIgnored nodes: comments, script, style\n\u001b[36m<html\u001b[39m\n  \u001b[33mdata-theme\u001b[39m=\u001b[32m\"light\"\u001b[39m\n\u001b[36m>\u001b[39m\n  \u001b[36m<head />\u001b[39m\n  \u001b[36m<body>\u001b[39m\n    \u001b[36m<div>\u001b[39m\n      \u001b[36m<div\u001b[39m\n        \u001b[33mstyle\u001b[39m=\u001b[32m\"padding: 24px; min-height: 100vh; background: rgb(253, 253, 253); color: rgb(132, 92, 88);\"\u001b[39m\n      \u001b[36m>\u001b[39m\n        \u001b[36m<div\u001b[39m\n          \u001b[33mstyle\u001b[39m=\u001b[32m\"display: flex; align-items: center; justify-content: space-between; gap: 12px; margin-bottom: 16px;\"\u001b[39m\n        \u001b[36m>\u001b[39m\n          \u001b[36m<div\u001b[39m\n            \u001b[33mstyle\u001b[39m=\u001b[32m\"display: flex; align-items: center; gap: 12px;\"\u001b[39m\n          \u001b[36m>\u001b[39m\n            \u001b[36m<button\u001b[39m\n              \u001b[33mclass\u001b[39m=\u001b[32m\"bc-btn bc-btn-outline\"\u001b[39m\n              \u001b[33mstyle\u001b[39m=\u001b[32m\"width: auto;\"\u001b[39m\n              \u001b[33mtype\u001b[39m=\u001b[32m\"button\"\u001b[39m\n            \u001b[36m>\u001b[39m\n              \u001b[0mBack\u001b[0m\n            \u001b[36m</button>\u001b[39m\n            \u001b[36m<div>\u001b[39m\n              \u001b[36m<div\u001b[39m\n                \u001b[33mstyle\u001b[39m=\u001b[32m\"font-size: 28px; font-weight: 800; color: rgb(132, 92, 88);\"\u001b[39m\n              \u001b[36m>\u001b[39m\n                \u001b[0mProducts\u001b[0m\n              \u001b[36m</div>\u001b[39m\n              \u001b[36m<div\u001b[39m\n                \u001b[33mstyle\u001b[39m=\u001b[32m\"font-size: 14px; color: rgb(136, 146, 169);\"\u001b[39m\n              \u001b[36m>\u001b[39m\n                \u001b[0mInventory and services\u001b[0m\n              \u001b[36m</div>\u001b[39m\n            \u001b[36m</div>\u001b[39m\n          \u001b[36m</div>\u001b[39m\n          \u001b[36m<div\u001b[39m\n            \u001b[33mstyle\u001b[39m=\u001b[32m\"display: flex; gap: 10px; flex-wrap: wrap; justify-content: flex-end;\"\u001b[39m\n          \u001b[36m>\u001b[39m\n            \u001b[36m<button\u001b[39m\n              \u001b[33mclass\u001b[39m=\u001b[32m\"bc-btn bc-btn-outline\"\u001b[39m\n              \u001b[33mstyle\u001b[39m=\u001b[32m\"width: auto;\"\u001b[39m\n              \u001b[33mtype\u001b[39m=\u001b[32m\"button\"\u001b[39m\n            \u001b[36m>\u001b[39m\n              \u001b[0mCategories\u001b[0m\n            \u001b[36m</button>\u001b[39m\n            \u001b[36m<button\u001b[39m\n              \u001b[33mclass\u001b[39m=\u001b[32m\"bc-btn bc-btn-primary\"\u001b[39m\n              \u001b[33mstyle\u001b[39m=\u001b[32m\"width: auto;\"\u001b[39m\n              \u001b[33mtype\u001b[39m=\u001b[32m\"button\"\u001b[39m\n            \u001b[36m>\u001b[39m\n              \u001b[0mAdd Product\u001b[0m\n            \u001b[36m</button>\u001b[39m\n          \u001b[36m</div>\u001b[39m\n        \u001b[36m</div>\u001b[39m\n        \u001b[36m<div\u001b[39m\n          \u001b[33mclass\u001b[39m=\u001b[32m\"bc-card\"\u001b[39m\n          \u001b[33mstyle\u001b[39m=\u001b[32m\"border-radius: 10px; padding: 16px;\"\u001b[39m\n        \u001b[36m>\u001b[39m\n          \u001b[36m<div\u001b[39m\n            \u001b[33mstyle\u001b[39m=\u001b[32m\"display: flex; gap: 10px; align-items: center; justify-content: space-between; flex-wrap: wrap; margin-bottom: 12px;\"\u001b[39m\n          \u001b[36m>\u001b[39m\n            \u001b[36m<input\u001b[39m\n              \u001b[33mclass\u001b[39m=\u001b[32m\"bc-input\"\u001b[39m\n              \u001b[33mplaceholder\u001b[39m=\u001b[32m\"Search categories or products…\"\u001b[39m\n              \u001b[33mstyle\u001b[39m=\u001b[32m\"max-width: 520px; flex: 1 1 320px;\"\u001b[39m\n              \u001b[33mvalue\u001b[39m=\u001b[32m\"\"\u001b[39m\n            \u001b[36m/>\u001b[39m\n            \u001b[36m<div\u001b[39m\n              \u001b[33mstyle\u001b[39m=\u001b[32m\"display: flex; gap: 8px; flex-wrap: wrap; justify-content: flex-end;\"\u001b[39m\n            \u001b[36m>\u001b[39m\n              \u001b[36m<button\u001b[39m\n                \u001b[33mclass\u001b[39m=\u001b[32m\"bc-btn bc-btn-outline\"\u001b[39m\n                \u001b[33mstyle\u001b[39m=\u001b[32m\"width: auto;\"\u001b[39m\n                \u001b[33mtype\u001b[39m=\u001b[32m\"button\"\u001b[39m\n              \u001b[36m>\u001b[39m\n                \u001b[0mExpand All\u001b[0m\n              \u001b[36m</button>\u001b[39m\n              \u001b[36m<button\u001b[39m\n                \u001b[33mclass\u001b[39m=\u001b[32m\"bc-btn bc-btn-outline\"\u001b[39m\n                \u001b[33mstyle\u001b[39m=\u001b[32m\"width: auto;\"\u001b[39m\n                \u001b[33mtype\u001b[39m=\u001b[32m\"button\"\u001b[39m\n              \u001b[36m>\u001b[39m\n                \u001b[0mCollapse All\u001b[0m\n              \u001b[36m</button>\u001b[39m\n            \u001b[36m</div>\u001b[39m\n          \u001b[36m</div>\u001b[39m\n          \u001b[36m<div\u001b[39m\n            \u001b[33mstyle\u001b[39m=\u001b[32m\"display: grid; gap: 12px;\"\u001b[39m\n          \u001b[36m>\u001b[39m\n            \u001b[36m<div\u001b[39m\n              \u001b[33mclass\u001b[39m=\u001b[32m\"bc-card\"\u001b[39m\n              \u001b[33mstyle\u001b[39m=\u001b[32m\"padding: 0px; overflow: hidden; border-radius: 12px; border: 1px solid rgba(255, 0, 0, 0.35); background: rgba(255, 0, 0, 0.08);\"\u001b[39m\n            \u001b[36m>\u001b[39m\n              \u001b[36m<button\u001b[39m\n                \u001b[33mstyle\u001b[39m=\u001b[32m\"width: 100%; background: transparent; cursor: pointer; text-align: left; padding: 12px 14px; display: flex; align-items: center; justify-content: space-between; gap: 10px; border-left: 6px solid rgb(255, 0, 0);\"\u001b[39m\n                \u001b[33mtype\u001b[39m=\u001b[32m\"button\"\u001b[39m\n              \u001b[36m>\u001b[39m\n                \u001b[36m<div\u001b[39m\n                  \u001b[33mstyle\u001b[39m=\u001b[32m\"display: flex; align-items: center; gap: 10px;\"\u001b[39m\n                \u001b[36m>\u001b[39m\n                  \u001b[36m<div\u001b[39m\n                    \u001b[33mstyle\u001b[39m=\u001b[32m\"font-size: 18px;\"\u001b[39m\n                  \u001b[36m>\u001b[39m\n                    \u001b[0m📱\u001b[0m\n                  \u001b[36m</div>\u001b[39m\n                  \u001b[36m<div>\u001b[39m\n                    \u001b[36m<div\u001b[39m\n                      \u001b[33mstyle\u001b[39m=\u001b[32m\"font-size: 14px; font-weight: 900; color: rgb(132, 92, 88);\"\u001b[39m\n                    \u001b[36m>\u001b[39m\n                      \u001b[0mElectronics\u001b[0m\n                    \u001b[36m</div>\u001b[39m\n                    \u001b[36m<div\u001b[39m\n                      \u001b[33mstyle\u001b[39m=\u001b[32m\"font-size: 12px; color: rgb(136, 146, 169);\"\u001b[39m\n                    \u001b[36m>\u001b[39m\n                      \u001b[0m2\u001b[0m\n                      \u001b[0m product(s)\u001b[0m\n                    \u001b[36m</div>\u001b[39m\n                  \u001b[36m</div>\u001b[39m\n                \u001b[36m</div>\u001b[39m\n                \u001b[36m<div\u001b[39m\n                  \u001b[33mstyle\u001b[39m=\u001b[32m\"font-size: 13px; color: rgb(136, 146, 169); font-weight: 800;\"\u001b[39m\n                \u001b[36m>\u001b[39m\n                  \u001b[0mHide\u001b[0m\n                \u001b[36m</div>\u001b[39m\n              \u001b[36m</button>\u001b[39m\n              \u001b[36m<div\u001b[39m\n                \u001b[33mstyle\u001b[39m=\u001b[32m\"padding: 0px 12px 12px 12px;\"\u001b[39m\n              \u001b[36m>\u001b[39m\n                \u001b[36m<div\u001b[39m\n                  \u001b[33mstyle\u001b[39m=\u001b[32m\"overflow-x: auto;\"\u001b[39m\n                \u001b[36m>\u001b[39m\n                  \u001b[36m<table\u001b[39m\n                    \u001b[33mclass\u001b[39m=\u001b[32m\"bc-table\"\u001b[39m\n                    \u001b[33mstyle\u001b[39m=\u001b[32m\"width: 100%; border-collapse: collapse; background: rgb(232, 234, 236); border-radius: 10px; overflow: hidden;\"\u001b[39m\n                  \u001b[36m>\u001b[39m\n                    \u001b[36m<thead>\u001b[39m\n                      \u001b[36m<tr>\u001b[39m\n                        \u001b[36m<th\u001b[39m\n                          \u001b[33mstyle\u001b[39m=\u001b[32m\"text-align: left; padding: 10px; border-bottom: 1px solid rgb(210, 214, 219);\"\u001b[39m\n                        \u001b[36m>\u001b[39m\n                          \u001b[0mName\u001b[0m\n                        \u001b[36m</th>\u001b[39m\n                        \u001b[36m<th\u001b[39m\n                          \u001b[33mstyle\u001b[39m=\u001b[32m\"text-align: right; padding: 10px; border-bottom: 1px solid rgb(210, 214, 219);\"\u001b[39m\n                        \u001b[36m>\u001b[39m\n                          \u001b[0mPrice\u001b[0m\n                        \u001b[36m</th>\u001b[39m\n                        \u001b[36m<th\u001b[39m\n                          \u001b[33mstyle\u001b[39m=\u001b[32m\"text-align: center; padding: 10px; border-bottom: 1px s..."],"location":{"line":163,"column":27}},{"ancestorTitles":["","ProductsPage Component - Black Box Tests","Add Product Form"],"fullName":" ProductsPage Component - Black Box Tests Add Product Form should show both cost and selling price fields (Fix #2)","status":"passed","title":"should show both cost and selling price fields (Fix #2)","duration":39,"failureMessages":[]},{"ancestorTitles":["","ProductsPage Component - Black Box Tests","Add Product Form"],"fullName":" ProductsPage Component - Black Box Tests Add Product Form should show combined SKU/Barcode field (Fix #6)","status":"failed","title":"should show combined SKU/Barcode field (Fix #6)","duration":1026,"failureMessages":["Unable to find a label with the text of: /SKU.*Barcode.*optional/i\n\nIgnored nodes: comments, script, style\n\u001b[36m<body>\u001b[39m\n  \u001b[36m<div>\u001b[39m\n    \u001b[36m<div\u001b[39m\n      \u001b[33mstyle\u001b[39m=\u001b[32m\"padding: 24px; min-height: 100vh; background: rgb(253, 253, 253); color: rgb(132, 92, 88);\"\u001b[39m\n    \u001b[36m>\u001b[39m\n      \u001b[36m<div\u001b[39m\n        \u001b[33mstyle\u001b[39m=\u001b[32m\"display: flex; align-items: center; justify-content: space-between; gap: 12px; margin-bottom: 16px;\"\u001b[39m\n      \u001b[36m>\u001b[39m\n        \u001b[36m<div\u001b[39m\n          \u001b[33mstyle\u001b[39m=\u001b[32m\"display: flex; align-items: center; gap: 12px;\"\u001b[39m\n        \u001b[36m>\u001b[39m\n          \u001b[36m<button\u001b[39m\n            \u001b[33mclass\u001b[39m=\u001b[32m\"bc-btn bc-btn-outline\"\u001b[39m\n            \u001b[33mstyle\u001b[39m=\u001b[32m\"width: auto;\"\u001b[39m\n            \u001b[33mtype\u001b[39m=\u001b[32m\"button\"\u001b[39m\n          \u001b[36m>\u001b[39m\n            \u001b[0mBack\u001b[0m\n          \u001b[36m</button>\u001b[39m\n          \u001b[36m<div>\u001b[39m\n            \u001b[36m<div\u001b[39m\n              \u001b[33mstyle\u001b[39m=\u001b[32m\"font-size: 28px; font-weight: 800; color: rgb(132, 92, 88);\"\u001b[39m\n            \u001b[36m>\u001b[39m\n              \u001b[0mProducts\u001b[0m\n            \u001b[36m</div>\u001b[39m\n            \u001b[36m<div\u001b[39m\n              \u001b[33mstyle\u001b[39m=\u001b[32m\"font-size: 14px; color: rgb(136, 146, 169);\"\u001b[39m\n            \u001b[36m>\u001b[39m\n              \u001b[0mInventory and services\u001b[0m\n            \u001b[36m</div>\u001b[39m\n          \u001b[36m</div>\u001b[39m\n        \u001b[36m</div>\u001b[39m\n        \u001b[36m<div\u001b[39m\n          \u001b[33mstyle\u001b[39m=\u001b[32m\"display: flex; gap: 10px; flex-wrap: wrap; justify-content: flex-end;\"\u001b[39m\n        \u001b[36m>\u001b[39m\n          \u001b[36m<button\u001b[39m\n            \u001b[33mclass\u001b[39m=\u001b[32m\"bc-btn bc-btn-outline\"\u001b[39m\n            \u001b[33mstyle\u001b[39m=\u001b[32m\"width: auto;\"\u001b[39m\n            \u001b[33mtype\u001b[39m=\u001b[32m\"button\"\u001b[39m\n          \u001b[36m>\u001b[39m\n            \u001b[0mCategories\u001b[0m\n          \u001b[36m</button>\u001b[39m\n          \u001b[36m<button\u001b[39m\n            \u001b[33mclass\u001b[39m=\u001b[32m\"bc-btn bc-btn-primary\"\u001b[39m\n            \u001b[33mstyle\u001b[39m=\u001b[32m\"width: auto;\"\u001b[39m\n            \u001b[33mtype\u001b[39m=\u001b[32m\"button\"\u001b[39m\n          \u001b[36m>\u001b[39m\n            \u001b[0mAdd Product\u001b[0m\n          \u001b[36m</button>\u001b[39m\n        \u001b[36m</div>\u001b[39m\n      \u001b[36m</div>\u001b[39m\n      \u001b[36m<div\u001b[39m\n        \u001b[33mclass\u001b[39m=\u001b[32m\"bc-card\"\u001b[39m\n        \u001b[33mstyle\u001b[39m=\u001b[32m\"border-radius: 10px; padding: 16px;\"\u001b[39m\n      \u001b[36m>\u001b[39m\n        \u001b[36m<div\u001b[39m\n          \u001b[33mstyle\u001b[39m=\u001b[32m\"display: flex; gap: 10px; align-items: center; justify-content: space-between; flex-wrap: wrap; margin-bottom: 12px;\"\u001b[39m\n        \u001b[36m>\u001b[39m\n          \u001b[36m<input\u001b[39m\n            \u001b[33mclass\u001b[39m=\u001b[32m\"bc-input\"\u001b[39m\n            \u001b[33mplaceholder\u001b[39m=\u001b[32m\"Search categories or products…\"\u001b[39m\n            \u001b[33mstyle\u001b[39m=\u001b[32m\"max-width: 520px; flex: 1 1 320px;\"\u001b[39m\n            \u001b[33mvalue\u001b[39m=\u001b[32m\"\"\u001b[39m\n          \u001b[36m/>\u001b[39m\n          \u001b[36m<div\u001b[39m\n            \u001b[33mstyle\u001b[39m=\u001b[32m\"display: flex; gap: 8px; flex-wrap: wrap; justify-content: flex-end;\"\u001b[39m\n          \u001b[36m>\u001b[39m\n            \u001b[36m<button\u001b[39m\n              \u001b[33mclass\u001b[39m=\u001b[32m\"bc-btn bc-btn-outline\"\u001b[39m\n              \u001b[33mstyle\u001b[39m=\u001b[32m\"width: auto;\"\u001b[39m\n              \u001b[33mtype\u001b[39m=\u001b[32m\"button\"\u001b[39m\n            \u001b[36m>\u001b[39m\n              \u001b[0mExpand All\u001b[0m\n            \u001b[36m</button>\u001b[39m\n            \u001b[36m<button\u001b[39m\n              \u001b[33mclass\u001b[39m=\u001b[32m\"bc-btn bc-btn-outline\"\u001b[39m\n              \u001b[33mstyle\u001b[39m=\u001b[32m\"width: auto;\"\u001b[39m\n              \u001b[33mtype\u001b[39m=\u001b[32m\"button\"\u001b[39m\n            \u001b[36m>\u001b[39m\n              \u001b[0mCollapse All\u001b[0m\n            \u001b[36m</button>\u001b[39m\n          \u001b[36m</div>\u001b[39m\n        \u001b[36m</div>\u001b[39m\n        \u001b[36m<div\u001b[39m\n          \u001b[33mstyle\u001b[39m=\u001b[32m\"display: grid; gap: 12px;\"\u001b[39m\n        \u001b[36m>\u001b[39m\n          \u001b[36m<div\u001b[39m\n            \u001b[33mclass\u001b[39m=\u001b[32m\"bc-card\"\u001b[39m\n            \u001b[33mstyle\u001b[39m=\u001b[32m\"padding: 0px; overflow: hidden; border-radius: 12px; border: 1px solid rgba(255, 0, 0, 0.35); background: rgba(255, 0, 0, 0.08);\"\u001b[39m\n          \u001b[36m>\u001b[39m\n            \u001b[36m<button\u001b[39m\n              \u001b[33mstyle\u001b[39m=\u001b[32m\"width: 100%; background: transparent; cursor: pointer; text-align: left; padding: 12px 14px; display: flex; align-items: center; justify-content: space-between; gap: 10px; border-left: 6px solid rgb(255, 0, 0);\"\u001b[39m\n              \u001b[33mtype\u001b[39m=\u001b[32m\"button\"\u001b[39m\n            \u001b[36m>\u001b[39m\n              \u001b[36m<div\u001b[39m\n                \u001b[33mstyle\u001b[39m=\u001b[32m\"display: flex; align-items: center; gap: 10px;\"\u001b[39m\n              \u001b[36m>\u001b[39m\n                \u001b[36m<div\u001b[39m\n                  \u001b[33mstyle\u001b[39m=\u001b[32m\"font-size: 18px;\"\u001b[39m\n                \u001b[36m>\u001b[39m\n                  \u001b[0m📱\u001b[0m\n                \u001b[36m</div>\u001b[39m\n                \u001b[36m<div>\u001b[39m\n                  \u001b[36m<div\u001b[39m\n                    \u001b[33mstyle\u001b[39m=\u001b[32m\"font-size: 14px; font-weight: 900; color: rgb(132, 92, 88);\"\u001b[39m\n                  \u001b[36m>\u001b[39m\n                    \u001b[0mElectronics\u001b[0m\n                  \u001b[36m</div>\u001b[39m\n                  \u001b[36m<div\u001b[39m\n                    \u001b[33mstyle\u001b[39m=\u001b[32m\"font-size: 12px; color: rgb(136, 146, 169);\"\u001b[39m\n                  \u001b[36m>\u001b[39m\n                    \u001b[0m2\u001b[0m\n                    \u001b[0m product(s)\u001b[0m\n                  \u001b[36m</div>\u001b[39m\n                \u001b[36m</div>\u001b[39m\n              \u001b[36m</div>\u001b[39m\n              \u001b[36m<div\u001b[39m\n                \u001b[33mstyle\u001b[39m=\u001b[32m\"font-size: 13px; color: rgb(136, 146, 169); font-weight: 800;\"\u001b[39m\n              \u001b[36m>\u001b[39m\n                \u001b[0mHide\u001b[0m\n              \u001b[36m</div>\u001b[39m\n            \u001b[36m</button>\u001b[39m\n            \u001b[36m<div\u001b[39m\n              \u001b[33mstyle\u001b[39m=\u001b[32m\"padding: 0px 12px 12px 12px;\"\u001b[39m\n            \u001b[36m>\u001b[39m\n              \u001b[36m<div\u001b[39m\n                \u001b[33mstyle\u001b[39m=\u001b[32m\"overflow-x: auto;\"\u001b[39m\n              \u001b[36m>\u001b[39m\n                \u001b[36m<table\u001b[39m\n                  \u001b[33mclass\u001b[39m=\u001b[32m\"bc-table\"\u001b[39m\n                  \u001b[33mstyle\u001b[39m=\u001b[32m\"width: 100%; border-collapse: collapse; background: rgb(232, 234, 236); border-radius: 10px; overflow: hidden;\"\u001b[39m\n                \u001b[36m>\u001b[39m\n                  \u001b[36m<thead>\u001b[39m\n                    \u001b[36m<tr>\u001b[39m\n                      \u001b[36m<th\u001b[39m\n                        \u001b[33mstyle\u001b[39m=\u001b[32m\"text-align: left; padding: 10px; border-bottom: 1px solid rgb(210, 214, 219);\"\u001b[39m\n                      \u001b[36m>\u001b[39m\n                        \u001b[0mName\u001b[0m\n                      \u001b[36m</th>\u001b[39m\n                      \u001b[36m<th\u001b[39m\n                        \u001b[33mstyle\u001b[39m=\u001b[32m\"text-align: right; padding: 10px; border-bottom: 1px solid rgb(210, 214, 219);\"\u001b[39m\n                      \u001b[36m>\u001b[39m\n                        \u001b[0mPrice\u001b[0m\n                      \u001b[36m</th>\u001b[39m\n                      \u001b[36m<th\u001b[39m\n                        \u001b[33mstyle\u001b[39m=\u001b[32m\"text-align: center; padding: 10px; border-bottom: 1px solid rgb(210, 214, 219);\"\u001b[39m\n                      \u001b[36m>\u001b[39m\n                        \u001b[0mTrack Stock\u001b[0m\n                      \u001b[36m</th>\u001b[39m\n                      \u001b[36m<th\u001b[39m\n                        \u001b[33mstyle\u001b[39m=\u001b[32m\"text-align: right; padding: 10px; border-bottom: 1px solid rgb(210, 214, 219);\"\u001b[39m\n                      \u001b[36m>\u001b[39m\n                        \u001b[0mStoc...\n\nIgnored nodes: comments, script, style\n\u001b[36m<html\u001b[39m\n  \u001b[33mdata-theme\u001b[39m=\u001b[32m\"light\"\u001b[39m\n\u001b[36m>\u001b[39m\n  \u001b[36m<head />\u001b[39m\n  \u001b[36m<body>\u001b[39m\n    \u001b[36m<div>\u001b[39m\n      \u001b[36m<div\u001b[39m\n        \u001b[33mstyle\u001b[39m=\u001b[32m\"padding: 24px; min-height: 100vh; background: rgb(253, 253, 253); color: rgb(132, 92, 88);\"\u001b[39m\n      \u001b[36m>\u001b[39m\n        \u001b[36m<div\u001b[39m\n          \u001b[33mstyle\u001b[39m=\u001b[32m\"display: flex; align-items: center; justify-content: space-between; gap: 12px; margin-bottom: 16px;\"\u001b[39m\n        \u001b[36m>\u001b[39m\n          \u001b[36m<div\u001b[39m\n            \u001b[33mstyle\u001b[39m=\u001b[32m\"display: flex; align-items: center; gap: 12px;\"\u001b[39m\n          \u001b[36m>\u001b[39m\n            \u001b[36m<button\u001b[39m\n              \u001b[33mclass\u001b[39m=\u001b[32m\"bc-btn bc-btn-outline\"\u001b[39m\n              \u001b[33mstyle\u001b[39m=\u001b[32m\"width: auto;\"\u001b[39m\n              \u001b[33mtype\u001b[39m=\u001b[32m\"button\"\u001b[39m\n            \u001b[36m>\u001b[39m\n              \u001b[0mBack\u001b[0m\n            \u001b[36m</button>\u001b[39m\n            \u001b[36m<div>\u001b[39m\n              \u001b[36m<div\u001b[39m\n                \u001b[33mstyle\u001b[39m=\u001b[32m\"font-size: 28px; font-weight: 800; color: rgb(132, 92, 88);\"\u001b[39m\n              \u001b[36m>\u001b[39m\n                \u001b[0mProducts\u001b[0m\n              \u001b[36m</div>\u001b[39m\n              \u001b[36m<div\u001b[39m\n                \u001b[33mstyle\u001b[39m=\u001b[32m\"font-size: 14px; color: rgb(136, 146, 169);\"\u001b[39m\n              \u001b[36m>\u001b[39m\n                \u001b[0mInventory and services\u001b[0m\n              \u001b[36m</div>\u001b[39m\n            \u001b[36m</div>\u001b[39m\n          \u001b[36m</div>\u001b[39m\n          \u001b[36m<div\u001b[39m\n            \u001b[33mstyle\u001b[39m=\u001b[32m\"display: flex; gap: 10px; flex-wrap: wrap; justify-content: flex-end;\"\u001b[39m\n          \u001b[36m>\u001b[39m\n            \u001b[36m<button\u001b[39m\n              \u001b[33mclass\u001b[39m=\u001b[32m\"bc-btn bc-btn-outline\"\u001b[39m\n              \u001b[33mstyle\u001b[39m=\u001b[32m\"width: auto;\"\u001b[39m\n              \u001b[33mtype\u001b[39m=\u001b[32m\"button\"\u001b[39m\n            \u001b[36m>\u001b[39m\n              \u001b[0mCategories\u001b[0m\n            \u001b[36m</button>\u001b[39m\n            \u001b[36m<button\u001b[39m\n              \u001b[33mclass\u001b[39m=\u001b[32m\"bc-btn bc-btn-primary\"\u001b[39m\n              \u001b[33mstyle\u001b[39m=\u001b[32m\"width: auto;\"\u001b[39m\n              \u001b[33mtype\u001b[39m=\u001b[32m\"button\"\u001b[39m\n            \u001b[36m>\u001b[39m\n              \u001b[0mAdd Product\u001b[0m\n            \u001b[36m</button>\u001b[39m\n          \u001b[36m</div>\u001b[39m\n        \u001b[36m</div>\u001b[39m\n        \u001b[36m<div\u001b[39m\n          \u001b[33mclass\u001b[39m=\u001b[32m\"bc-card\"\u001b[39m\n          \u001b[33mstyle\u001b[39m=\u001b[32m\"border-radius: 10px; padding: 16px;\"\u001b[39m\n        \u001b[36m>\u001b[39m\n          \u001b[36m<div\u001b[39m\n            \u001b[33mstyle\u001b[39m=\u001b[32m\"display: flex; gap: 10px; align-items: center; justify-content: space-between; flex-wrap: wrap; margin-bottom: 12px;\"\u001b[39m\n          \u001b[36m>\u001b[39m\n            \u001b[36m<input\u001b[39m\n              \u001b[33mclass\u001b[39m=\u001b[32m\"bc-input\"\u001b[39m\n              \u001b[33mplaceholder\u001b[39m=\u001b[32m\"Search categories or products…\"\u001b[39m\n              \u001b[33mstyle\u001b[39m=\u001b[32m\"max-width: 520px; flex: 1 1 320px;\"\u001b[39m\n              \u001b[33mvalue\u001b[39m=\u001b[32m\"\"\u001b[39m\n            \u001b[36m/>\u001b[39m\n            \u001b[36m<div\u001b[39m\n              \u001b[33mstyle\u001b[39m=\u001b[32m\"display: flex; gap: 8px; flex-wrap: wrap; justify-content: flex-end;\"\u001b[39m\n            \u001b[36m>\u001b[39m\n              \u001b[36m<button\u001b[39m\n                \u001b[33mclass\u001b[39m=\u001b[32m\"bc-btn bc-btn-outline\"\u001b[39m\n                \u001b[33mstyle\u001b[39m=\u001b[32m\"width: auto;\"\u001b[39m\n                \u001b[33mtype\u001b[39m=\u001b[32m\"button\"\u001b[39m\n              \u001b[36m>\u001b[39m\n                \u001b[0mExpand All\u001b[0m\n              \u001b[36m</button>\u001b[39m\n              \u001b[36m<button\u001b[39m\n                \u001b[33mclass\u001b[39m=\u001b[32m\"bc-btn bc-btn-outline\"\u001b[39m\n                \u001b[33mstyle\u001b[39m=\u001b[32m\"width: auto;\"\u001b[39m\n                \u001b[33mtype\u001b[39m=\u001b[32m\"button\"\u001b[39m\n              \u001b[36m>\u001b[39m\n                \u001b[0mCollapse All\u001b[0m\n              \u001b[36m</button>\u001b[39m\n            \u001b[36m</div>\u001b[39m\n          \u001b[36m</div>\u001b[39m\n          \u001b[36m<div\u001b[39m\n            \u001b[33mstyle\u001b[39m=\u001b[32m\"display: grid; gap: 12px;\"\u001b[39m\n          \u001b[36m>\u001b[39m\n            \u001b[36m<div\u001b[39m\n              \u001b[33mclass\u001b[39m=\u001b[32m\"bc-card\"\u001b[39m\n              \u001b[33mstyle\u001b[39m=\u001b[32m\"padding: 0px; overflow: hidden; border-radius: 12px; border: 1px solid rgba(255, 0, 0, 0.35); background: rgba(255, 0, 0, 0.08);\"\u001b[39m\n            \u001b[36m>\u001b[39m\n              \u001b[36m<button\u001b[39m\n                \u001b[33mstyle\u001b[39m=\u001b[32m\"width: 100%; background: transparent; cursor: pointer; text-align: left; padding: 12px 14px; display: flex; align-items: center; justify-content: space-between; gap: 10px; border-left: 6px solid rgb(255, 0, 0);\"\u001b[39m\n                \u001b[33mtype\u001b[39m=\u001b[32m\"button\"\u001b[39m\n              \u001b[36m>\u001b[39m\n                \u001b[36m<div\u001b[39m\n                  \u001b[33mstyle\u001b[39m=\u001b[32m\"display: flex; align-items: center; gap: 10px;\"\u001b[39m\n                \u001b[36m>\u001b[39m\n                  \u001b[36m<div\u001b[39m\n                    \u001b[33mstyle\u001b[39m=\u001b[32m\"font-size: 18px;\"\u001b[39m\n                  \u001b[36m>\u001b[39m\n                    \u001b[0m📱\u001b[0m\n                  \u001b[36m</div>\u001b[39m\n                  \u001b[36m<div>\u001b[39m\n                    \u001b[36m<div\u001b[39m\n                      \u001b[33mstyle\u001b[39m=\u001b[32m\"font-size: 14px; font-weight: 900; color: rgb(132, 92, 88);\"\u001b[39m\n                    \u001b[36m>\u001b[39m\n                      \u001b[0mElectronics\u001b[0m\n                    \u001b[36m</div>\u001b[39m\n                    \u001b[36m<div\u001b[39m\n                      \u001b[33mstyle\u001b[39m=\u001b[32m\"font-size: 12px; color: rgb(136, 146, 169);\"\u001b[39m\n                    \u001b[36m>\u001b[39m\n                      \u001b[0m2\u001b[0m\n                      \u001b[0m product(s)\u001b[0m\n                    \u001b[36m</div>\u001b[39m\n                  \u001b[36m</div>\u001b[39m\n                \u001b[36m</div>\u001b[39m\n                \u001b[36m<div\u001b[39m\n                  \u001b[33mstyle\u001b[39m=\u001b[32m\"font-size: 13px; color: rgb(136, 146, 169); font-weight: 800;\"\u001b[39m\n                \u001b[36m>\u001b[39m\n                  \u001b[0mHide\u001b[0m\n                \u001b[36m</div>\u001b[39m\n              \u001b[36m</button>\u001b[39m\n              \u001b[36m<div\u001b[39m\n                \u001b[33mstyle\u001b[39m=\u001b[32m\"padding: 0px 12px 12px 12px;\"\u001b[39m\n              \u001b[36m>\u001b[39m\n                \u001b[36m<div\u001b[39m\n                  \u001b[33mstyle\u001b[39m=\u001b[32m\"overflow-x: auto;\"\u001b[39m\n                \u001b[36m>\u001b[39m\n                  \u001b[36m<table\u001b[39m\n                    \u001b[33mclass\u001b[39m=\u001b[32m\"bc-table\"\u001b[39m\n                    \u001b[33mstyle\u001b[39m=\u001b[32m\"width: 100%; border-collapse: collapse; background: rgb(232, 234, 236); border-radius: 10px; overflow: hidden;\"\u001b[39m\n                  \u001b[36m>\u001b[39m\n                    \u001b[36m<thead>\u001b[39m\n                      \u001b[36m<tr>\u001b[39m\n                        \u001b[36m<th\u001b[39m\n                          \u001b[33mstyle\u001b[39m=\u001b[32m\"text-align: left; padding: 10px; border-bottom: 1px solid rgb(210, 214, 219);\"\u001b[39m\n                        \u001b[36m>\u001b[39m\n                          \u001b[0mName\u001b[0m\n                        \u001b[36m</th>\u001b[39m\n                        \u001b[36m<th\u001b[39m\n                          \u001b[33mstyle\u001b[39m=\u001b[32m\"text-align: right; padding: 10px; border-bottom: 1px solid rgb(210, 214, 219);\"\u001b[39m\n                        \u001b[36m>\u001b[39m\n                          \u001b[0mPrice\u001b[0m\n                        \u001b[36m</th>\u001b[39m\n                        \u001b
[...]
1b[36m>\u001b[39m\n        \u001b[36m<div\u001b[39m\n          \u001b[33mstyle\u001b[39m=\u001b[32m\"display: flex; align-items: center; gap: 12px;\"\u001b[39m\n        \u001b[36m>\u001b[39m\n          \u001b[36m<button\u001b[39m\n            \u001b[33mclass\u001b[39m=\u001b[32m\"bc-btn bc-btn-outline\"\u001b[39m\n            \u001b[33mstyle\u001b[39m=\u001b[32m\"width: auto;\"\u001b[39m\n            \u001b[33mtype\u001b[39m=\u001b[32m\"button\"\u001b[39m\n          \u001b[36m>\u001b[39m\n            \u001b[0mBack\u001b[0m\n          \u001b[36m</button>\u001b[39m\n          \u001b[36m<div>\u001b[39m\n            \u001b[36m<div\u001b[39m\n              \u001b[33mstyle\u001b[39m=\u001b[32m\"font-size: 28px; font-weight: 800; color: rgb(132, 92, 88);\"\u001b[39m\n            \u001b[36m>\u001b[39m\n              \u001b[0mProducts\u001b[0m\n            \u001b[36m</div>\u001b[39m\n            \u001b[36m<div\u001b[39m\n              \u001b[33mstyle\u001b[39m=\u001b[32m\"font-size: 14px; color: rgb(136, 146, 169);\"\u001b[39m\n            \u001b[36m>\u001b[39m\n              \u001b[0mInventory and services\u001b[0m\n            \u001b[36m</div>\u001b[39m\n          \u001b[36m</div>\u001b[39m\n        \u001b[36m</div>\u001b[39m\n        \u001b[36m<div\u001b[39m\n          \u001b[33mstyle\u001b[39m=\u001b[32m\"display: flex; gap: 10px; flex-wrap: wrap; justify-content: flex-end;\"\u001b[39m\n        \u001b[36m>\u001b[39m\n          \u001b[36m<button\u001b[39m\n            \u001b[33mclass\u001b[39m=\u001b[32m\"bc-btn bc-btn-outline\"\u001b[39m\n            \u001b[33mstyle\u001b[39m=\u001b[32m\"width: auto;\"\u001b[39m\n            \u001b[33mtype\u001b[39m=\u001b[32m\"button\"\u001b[39m\n          \u001b[36m>\u001b[39m\n            \u001b[0mCategories\u001b[0m\n          \u001b[36m</button>\u001b[39m\n          \u001b[36m<button\u001b[39m\n            \u001b[33mclass\u001b[39m=\u001b[32m\"bc-btn bc-btn-primary\"\u001b[39m\n            \u001b[33mstyle\u001b[39m=\u001b[32m\"width: auto;\"\u001b[39m\n            \u001b[33mtype\u001b[39m=\u001b[32m\"button\"\u001b[39m\n          \u001b[36m>\u001b[39m\n            \u001b[0mAdd Product\u001b[0m\n          \u001b[36m</button>\u001b[39m\n        \u001b[36m</div>\u001b[39m\n      \u001b[36m</div>\u001b[39m\n      \u001b[36m<div\u001b[39m\n        \u001b[33mclass\u001b[39m=\u001b[32m\"bc-card\"\u001b[39m\n        \u001b[33mstyle\u001b[39m=\u001b[32m\"border-radius: 10px; padding: 16px;\"\u001b[39m\n      \u001b[36m>\u001b[39m\n        \u001b[36m<div\u001b[39m\n          \u001b[33mstyle\u001b[39m=\u001b[32m\"display: flex; gap: 10px; align-items: center; justify-content: space-between; flex-wrap: wrap; margin-bottom: 12px;\"\u001b[39m\n        \u001b[36m>\u001b[39m\n          \u001b[36m<input\u001b[39m\n            \u001b[33mclass\u001b[39m=\u001b[32m\"bc-input\"\u001b[39m\n            \u001b[33mplaceholder\u001b[39m=\u001b[32m\"Search categories or products…\"\u001b[39m\n            \u001b[33mstyle\u001b[39m=\u001b[32m\"max-width: 520px; flex: 1 1 320px;\"\u001b[39m\n            \u001b[33mvalue\u001b[39m=\u001b[32m\"\"\u001b[39m\n          \u001b[36m/>\u001b[39m\n          \u001b[36m<div\u001b[39m\n            \u001b[33mstyle\u001b[39m=\u001b[32m\"display: flex; gap: 8px; flex-wrap: wrap; justify-content: flex-end;\"\u001b[39m\n          \u001b[36m>\u001b[39m\n            \u001b[36m<button\u001b[39m\n              \u001b[33mclass\u001b[39m=\u001b[32m\"bc-btn bc-btn-outline\"\u001b[39m\n              \u001b[33mstyle\u001b[39m=\u001b[32m\"width: auto;\"\u001b[39m\n              \u001b[33mtype\u001b[39m=\u001b[32m\"button\"\u001b[39m\n            \u001b[36m>\u001b[39m\n              \u001b[0mExpand All\u001b[0m\n            \u001b[36m</button>\u001b[39m\n            \u001b[36m<button\u001b[39m\n              \u001b[33mclass\u001b[39m=\u001b[32m\"bc-btn bc-btn-outline\"\u001b[39m\n              \u001b[33mstyle\u001b[39m=\u001b[32m\"width: auto;\"\u001b[39m\n              \u001b[33mtype\u001b[39m=\u001b[32m\"button\"\u001b[39m\n            \u001b[36m>\u001b[39m\n              \u001b[0mCollapse All\u001b[0m\n            \u001b[36m</button>\u001b[39m\n          \u001b[36m</div>\u001b[39m\n        \u001b[36m</div>\u001b[39m\n        \u001b[36m<div\u001b[39m\n          \u001b[33mstyle\u001b[39m=\u001b[32m\"display: grid; gap: 12px;\"\u001b[39m\n        \u001b[36m>\u001b[39m\n          \u001b[36m<div\u001b[39m\n            \u001b[33mclass\u001b[39m=\u001b[32m\"bc-card\"\u001b[39m\n            \u001b[33mstyle\u001b[39m=\u001b[32m\"padding: 0px; overflow: hidden; border-radius: 12px; border: 1px solid rgba(255, 0, 0, 0.35); background: rgba(255, 0, 0, 0.08);\"\u001b[39m\n          \u001b[36m>\u001b[39m\n            \u001b[36m<button\u001b[39m\n              \u001b[33mstyle\u001b[39m=\u001b[32m\"width: 100%; background: transparent; cursor: pointer; text-align: left; padding: 12px 14px; display: flex; align-items: center; justify-content: space-between; gap: 10px; border-left: 6px solid rgb(255, 0, 0);\"\u001b[39m\n              \u001b[33mtype\u001b[39m=\u001b[32m\"button\"\u001b[39m\n            \u001b[36m>\u001b[39m\n              \u001b[36m<div\u001b[39m\n                \u001b[33mstyle\u001b[39m=\u001b[32m\"display: flex; align-items: center; gap: 10px;\"\u001b[39m\n              \u001b[36m>\u001b[39m\n                \u001b[36m<div\u001b[39m\n                  \u001b[33mstyle\u001b[39m=\u001b[32m\"font-size: 18px;\"\u001b[39m\n                \u001b[36m>\u001b[39m\n                  \u001b[0m📱\u001b[0m\n                \u001b[36m</div>\u001b[39m\n                \u001b[36m<div>\u001b[39m\n                  \u001b[36m<div\u001b[39m\n                    \u001b[33mstyle\u001b[39m=\u001b[32m\"font-size: 14px; font-weight: 900; color: rgb(132, 92, 88);\"\u001b[39m\n                  \u001b[36m>\u001b[39m\n                    \u001b[0mElectronics\u001b[0m\n                  \u001b[36m</div>\u001b[39m\n                  \u001b[36m<div\u001b[39m\n                    \u001b[33mstyle\u001b[39m=\u001b[32m\"font-size: 12px; color: rgb(136, 146, 169);\"\u001b[39m\n                  \u001b[36m>\u001b[39m\n                    \u001b[0m2\u001b[0m\n                    \u001b[0m product(s)\u001b[0m\n                  \u001b[36m</div>\u001b[39m\n                \u001b[36m</div>\u001b[39m\n              \u001b[36m</div>\u001b[39m\n              \u001b[36m<div\u001b[39m\n                \u001b[33mstyle\u001b[39m=\u001b[32m\"font-size: 13px; color: rgb(136, 146, 169); font-weight: 800;\"\u001b[39m\n              \u001b[36m>\u001b[39m\n                \u001b[0mHide\u001b[0m\n              \u001b[36m</div>\u001b[39m\n            \u001b[36m</button>\u001b[39m\n            \u001b[36m<div\u001b[39m\n              \u001b[33mstyle\u001b[39m=\u001b[32m\"padding: 0px 12px 12px 12px;\"\u001b[39m\n            \u001b[36m>\u001b[39m\n              \u001b[36m<div\u001b[39m\n                \u001b[33mstyle\u001b[39m=\u001b[32m\"overflow-x: auto;\"\u001b[39m\n              \u001b[36m>\u001b[39m\n                \u001b[36m<table\u001b[39m\n                  \u001b[33mclass\u001b[39m=\u001b[32m\"bc-table\"\u001b[39m\n                  \u001b[33mstyle\u001b[39m=\u001b[32m\"width: 100%; border-collapse: collapse; background: rgb(232, 234, 236); border-radius: 10px; overflow: hidden;\"\u001b[39m\n                \u001b[36m>\u001b[39m\n                  \u001b[36m<thead>\u001b[39m\n                    \u001b[36m<tr>\u001b[39m\n                      \u001b[36m<th\u001b[39m\n                        \u001b[33mstyle\u001b[39m=\u001b[32m\"text-align: left; padding: 10px; border-bottom: 1px solid rgb(210, 214, 219);\"\u001b[39m\n                      \u001b[36m>\u001b[39m\n                        \u001b[0mName\u001b[0m\n                      \u001b[36m</th>\u001b[39m\n                      \u001b[36m<th\u001b[39m\n                        \u001b[33mstyle\u001b[39m=\u001b[32m\"text-align: right; padding: 10px; border-bottom: 1px solid rgb(210, 214, 219);\"\u001b[39m\n                      \u001b[36m>\u001b[39m\n                        \u001b[0mPrice\u001b[0m\n                      \u001b[36m</th>\u001b[39m\n                      \u001b[36m<th\u001b[39m\n                        \u001b[33mstyle\u001b[39m=\u001b[32m\"text-align: center; padding: 10px; border-bottom: 1px solid rgb(210, 214, 219);\"\u001b[39m\n                      \u001b[36m>\u001b[39m\n                        \u001b[0mTrack Stock\u001b[0m\n                      \u001b[36m</th>\u001b[39m\n                      \u001b[36m<th\u001b[39m\n                        \u001b[33mstyle\u001b[39m=\u001b[32m\"text-align: right; padding: 10px; border-bottom: 1px solid rgb(210, 214, 219);\"\u001b[39m\n                      \u001b[36m>\u001b[39m\n                        \u001b[0mStoc...\n\nIgnored nodes: comments, script, style\n\u001b[36m<html\u001b[39m\n  \u001b[33mdata-theme\u001b[39m=\u001b[32m\"light\"\u001b[39m\n\u001b[36m>\u001b[39m\n  \u001b[36m<head />\u001b[39m\n  \u001b[36m<body>\u001b[39m\n    \u001b[36m<div>\u001b[39m\n      \u001b[36m<div\u001b[39m\n        \u001b[33mstyle\u001b[39m=\u001b[32m\"padding: 24px; min-height: 100vh; background: rgb(253, 253, 253); color: rgb(132, 92, 88);\"\u001b[39m\n      \u001b[36m>\u001b[39m\n        \u001b[36m<div\u001b[39m\n          \u001b[33mstyle\u001b[39m=\u001b[32m\"display: flex; align-items: center; justify-content: space-between; gap: 12px; margin-bottom: 16px;\"\u001b[39m\n        \u001b[36m>\u001b[39m\n          \u001b[36m<div\u001b[39m\n            \u001b[33mstyle\u001b[39m=\u001b[32m\"display: flex; align-items: center; gap: 12px;\"\u001b[39m\n          \u001b[36m>\u001b[39m\n            \u001b[36m<button\u001b[39m\n              \u001b[33mclass\u001b[39m=\u001b[32m\"bc-btn bc-btn-outline\"\u001b[39m\n              \u001b[33mstyle\u001b[39m=\u001b[32m\"width: auto;\"\u001b[39m\n              \u001b[33mtype\u001b[39m=\u001b[32m\"button\"\u001b[39m\n            \u001b[36m>\u001b[39m\n              \u001b[0mBack\u001b[0m\n            \u001b[36m</button>\u001b[39m\n            \u001b[36m<div>\u001b[39m\n              \u001b[36m<div\u001b[39m\n                \u001b[33mstyle\u001b[39m=\u001b[32m\"font-size: 28px; font-weight: 800; color: rgb(132, 92, 88);\"\u001b[39m\n              \u001b[36m>\u001b[39m\n                \u001b[0mProducts\u001b[0m\n              \u001b[36m</div>\u001b[39m\n              \u001b[36m<div\u001b[39m\n                \u001b[33mstyle\u001b[39m=\u001b[32m\"font-size: 14px; color: rgb(136, 146, 169);\"\u001b[39m\n              \u001b[36m>\u001b[39m\n                \u001b[0mInventory and services\u001b[0m\n              \u001b[36m</div>\u001b[39m\n            \u001b[36m</div>\u001b[39m\n          \u001b[36m</div>\u001b[39m\n          \u001b[36m<div\u001b[39m\n            \u001b[33mstyle\u001b[39m=\u001b[32m\"display: flex; gap: 10px; flex-wrap: wrap; justify-content: flex-end;\"\u001b[39m\n          \u001b[36m>\u001b[39m\n            \u001b[36m<button\u001b[39m\n              \u001b[33mclass\u001b[39m=\u001b[32m\"bc-btn bc-btn-outline\"\u001b[39m\n              \u001b[33mstyle\u001b[39m=\u001b[32m\"width: auto;\"\u001b[39m\n              \u001b[33mtype\u001b[39m=\u001b[32m\"button\"\u001b[39m\n            \u001b[36m>\u001b[39m\n              \u001b[0mCategories\u001b[0m\n            \u001b[36m</button>\u001b[39m\n            \u001b[36m<button\u001b[39m\n              \u001b[33mclass\u001b[39m=\u001b[32m\"bc-btn bc-btn-primary\"\u001b[39m\n              \u001b[33mstyle\u001b[39m=\u001b[32m\"width: auto;\"\u001b[39m\n              \u001b[33mtype\u001b[39m=\u001b[32m\"button\"\u001b[39m\n            \u001b[36m>\u001b[39m\n              \u001b[0mAdd Product\u001b[0m\n            \u001b[36m</button>\u001b[39m\n          \u001b[36m</div>\u001b[39m\n        \u001b[36m</div>\u001b[39m\n        \u001b[36m<div\u001b[39m\n          \u001b[33mclass\u001b[39m=\u001b[32m\"bc-card\"\u001b[39m\n          \u001b[33mstyle\u001b[39m=\u001b[32m\"border-radius: 10px; padding: 16px;\"\u001b[39m\n        \u001b[36m>\u001b[39m\n          \u001b[36m<div\u001b[39m\n            \u001b[33mstyle\u001b[39m=\u001b[32m\"display: flex; gap: 10px; align-items: center; justify-content: space-between; flex-wrap: wrap; margin-bottom: 12px;\"\u001b[39m\n          \u001b[36m>\u001b[39m\n            \u001b[36m<input\u001b[39m\n              \u001b[33mclass\u001b[39m=\u001b[32m\"bc-input\"\u001b[39m\n              \u001b[33mplaceholder\u001b[39m=\u001b[32m\"Search categories or products…\"\u001b[39m\n              \u001b[33mstyle\u001b[39m=\u001b[32m\"max-width: 520px; flex: 1 1 320px;\"\u001b[39m\n              \u001b[33mvalue\u001b[39m=\u001b[32m\"\"\u001b[39m\n            \u001b[36m/>\u001b[39m\n            \u001b[36m<div\u001b[39m\n              \u001b[33mstyle\u001b[39m=\u001b[32m\"display: flex; gap: 8px; flex-wrap: wrap; justify-content: flex-end;\"\u001b[39m\n            \u001b[36m>\u001b[39m\n              \u001b[36m<button\u001b[39m\n                \u001b[33mclass\u001b[39m=\u001b[32m\"bc-btn bc-btn-outline\"\u001b[39m\n                \u001b[33mstyle\u001b[39m=\u001b[32m\"width: auto;\"\u001b[39m\n                \u001b[33mtype\u001b[39m=\u001b[32m\"button\"\u001b[39m\n              \u001b[36m>\u001b[39m\n                \u001b[0mExpand All\u001b[0m\n              \u001b[36m</button>\u001b[39m\n              \u001b[36m<button\u001b[39m\n                \u001b[33mclass\u001b[39m=\u001b[32m\"bc-btn bc-btn-outline\"\u001b[39m\n                \u001b[33mstyle\u001b[39m=\u001b[32m\"width: auto;\"\u001b[39m\n                \u001b[33mtype\u001b[39m=\u001b[32m\"button\"\u001b[39m\n              \u001b[36m>\u001b[39m\n                \u001b[0mCollapse All\u001b[0m\n              \u001b[36m</button>\u001b[39m\n            \u001b[36m</div>\u001b[39m\n          \u001b[36m</div>\u001b[39m\n          \u001b[36m<div\u001b[39m\n            \u001b[33mstyle\u001b[39m=\u001b[32m\"display: grid; gap: 12px;\"\u001b[39m\n          \u001b[36m>\u001b[39m\n            \u001b[36m<div\u001b[39m\n              \u001b[33mclass\u001b[39m=\u001b[32m\"bc-card\"\u001b[39m\n              \u001b[33mstyle\u001b[39m=\u001b[32m\"padding: 0px; overflow: hidden; border-radius: 12px; border: 1px solid rgba(255, 0, 0, 0.35); background: rgba(255, 0, 0, 0.08);\"\u001b[39m\n            \u001b[36m>\u001b[39m\n              \u001b[36m<button\u001b[39m\n                \u001b[33mstyle\u001b[39m=\u001b[32m\"width: 100%; background: transparent; cursor: pointer; text-align: left; padding: 12px 14px; display: flex; align-items: center; justify-content: space-between; gap: 10px; border-left: 6px solid rgb(255, 0, 0);\"\u001b[39m\n                \u001b[33mtype\u001b[39m=\u001b[32m\"button\"\u001b[39m\n              \u001b[36m>\u001b[39m\n                \u001b[36m<div\u001b[39m\n                  \u001b[33mstyle\u001b[39m=\u001b[32m\"display: flex; align-items: center; gap: 10px;\"\u001b[39m\n                \u001b[36m>\u001b[39m\n                  \u001b[36m<div\u001b[39m\n                    \u001b[33mstyle\u001b[39m=\u001b[32m\"font-size: 18px;\"\u001b[39m\n                  \u001b[36m>\u001b[39m\n                    \u001b[0m📱\u001b[0m\n                  \u001b[36m</div>\u001b[39m\n                  \u001b[36m<div>\u001b[39m\n                    \u001b[36m<div\u001b[39m\n                      \u001b[33mstyle\u001b[39m=\u001b[32m\"font-size: 14px; font-weight: 900; color: rgb(132, 92, 88);\"\u001b[39m\n                    \u001b[36m>\u001b[39m\n                      \u001b[0mElectronics\u001b[0m\n                    \u001b[36m</div>\u001b[39m\n                    \u001b[36m<div\u001b[39m\n                      \u001b[33mstyle\u001b[39m=\u001b[32m\"font-size: 12px; color: rgb(136, 146, 169);\"\u001b[39m\n                    \u001b[36m>\u001b[39m\n                      \u001b[0m2\u001b[0m\n                      \u001b[0m product(s)\u001b[0m\n                    \u001b[36m</div>\u001b[39m\n                  \u001b[36m</div>\u001b[39m\n                \u001b[36m</div>\u001b[39m\n                \u001b[36m<div\u001b[39m\n                  \u001b[33mstyle\u001b[39m=\u001b[32m\"font-size: 13px; color: rgb(136, 146, 169); font-weight: 800;\"\u001b[39m\n                \u001b[36m>\u001b[39m\n                  \u001b[0mHide\u001b[0m\n                \u001b[36m</div>\u001b[39m\n              \u001b[36m</button>\u001b[39m\n              \u001b[36m<div\u001b[39m\n                \u001b[33mstyle\u001b[39m=\u001b[32m\"padding: 0px 12px 12px 12px;\"\u001b[39m\n              \u001b[36m>\u001b[39m\n                \u001b[36m<div\u001b[39m\n                  \u001b[33mstyle\u001b[39m=\u001b[32m\"overflow-x: auto;\"\u001b[39m\n                \u001b[36m>\u001b[39m\n                  \u001b[36m<table\u001b[39m\n                    \u001b[33mclass\u001b[39m=\u001b[32m\"bc-table\"\u001b[39m\n                    \u001b[33mstyle\u001b[39m=\u001b[32m\"width: 100%; border-collapse: collapse; background: rgb(232, 234, 236); border-radius: 10px; overflow: hidden;\"\u001b[39m\n                  \u001b[36m>\u001b[39m\n                    \u001b[36m<thead>\u001b[39m\n                      \u001b[36m<tr>\u001b[39m\n                        \u001b[36m<th\u001b[39m\n                          \u001b[33mstyle\u001b[39m=\u001b[32m\"text-align: left; padding: 10px; border-bottom: 1px solid rgb(210, 214, 219);\"\u001b[39m\n                        \u001b[36m>\u001b[39m\n                          \u001b[0mName\u001b[0m\n                        \u001b[36m</th>\u001b[39m\n                        \u001b[36m<th\u001b[39m\n                          \u001b[33mstyle\u001b[39m=\u001b[32m\"text-align: right; padding: 10px; border-bottom: 1px solid rgb(210, 214, 219);\"\u001b[39m\n                        \u001b[36m>\u001b[39m\n                          \u001b[0mPrice\u001b[0m\n                        \u001b[36m</th>\u001b[39m\n                        \u001b[36m<th\u001b[39m\n                          \u001b[33mstyle\u001b[39m=\u001b[32m\"text-align: center; padding: 10px; border-bottom: 1px s..."],"location":{"line":163,"column":27}},{"ancestorTitles":["","ProductsPage Component - Black Box Tests","Category Management"],"fullName":" ProductsPage Component - Black Box Tests Category Management should add new category","status":"passed","title":"should add new category","duration":248,"failureMessages":[]},{"ancestorTitles":["","ProductsPage Component - Black Box Tests","Stock Display"],"fullName":" ProductsPage Component - Black Box Tests Stock Display should show stock quantity for tracked items","status":"passed","title":"should show stock quantity for tracked items","duration":40,"failureMessages":[]},{"ancestorTitles":["","ProductsPage Component - Black Box Tests","Stock Display"],"fullName":" ProductsPage Component - Black Box Tests Stock Display should indicate track stock status","status":"passed","title":"should indicate track stock status","duration":33,"failureMessages":[]},{"ancestorTitles":["","ProductsPage Component - Black Box Tests","Expand/Collapse Categories"],"fullName":" ProductsPage Component - Black Box Tests Expand/Collapse Categories should expand all categories","status":"passed","title":"should expand all categories","duration":92,"failureMessages":[]},{"ancestorTitles":["","ProductsPage Component - Black Box Tests","Expand/Collapse Categories"],"fullName":" ProductsPage Component - Black Box Tests Expand/Collapse Categories should collapse all categories","status":"passed","title":"should collapse all categories","duration":47,"failureMessages":[]},{"ancestorTitles":["","ProductsPage Component - Black Box Tests","Back Navigation"],"fullName":" ProductsPage Component - Black Box Tests Back Navigation should call onBack when clicking back button","status":"passed","title":"should call onBack when clicking back button","duration":8,"failureMessages":[]}],"startTime":1770306481303,"endTime":1770306490767,"status":"failed","message":"","name":"C:/Users/DELL/Desktop/hotel-manager/tests/retail/frontend/ProductsPage.test.tsx"}]}